Log file open, 01/10/22 12:15:09
LogInit: Display: Running engine for game: Top_Down_2D_Game
LogPlatformFile: Not using cached read wrapper
LogTaskGraph: Started task graph with 5 named threads and 26 total threads with 3 sets of task threads.
LogStats: Stats thread started at 0.535586
LogD3D11RHI: Loaded GFSDK_Aftermath_Lib.x64.dll
LogICUInternationalization: ICU TimeZone Detection - Raw Offset: +0:00, Platform Override: ''
LogPluginManager: Mounting plugin Paper2D
LogPluginManager: Mounting plugin AISupport
LogPluginManager: Mounting plugin LightPropagationVolume
LogPluginManager: Mounting plugin CameraShakePreviewer
LogPluginManager: Mounting plugin ActorLayerUtilities
LogPluginManager: Mounting plugin AnimationSharing
LogPluginManager: Mounting plugin CLionSourceCodeAccess
LogPluginManager: Mounting plugin CodeLiteSourceCodeAccess
LogPluginManager: Mounting plugin GitSourceControl
LogPluginManager: Mounting plugin KDevelopSourceCodeAccess
LogPluginManager: Mounting plugin NullSourceCodeAccess
LogPluginManager: Mounting plugin PerforceSourceControl
LogPluginManager: Mounting plugin PlasticSourceControl
LogPluginManager: Mounting plugin RiderSourceCodeAccess
LogPluginManager: Mounting plugin SubversionSourceControl
LogPluginManager: Mounting plugin UObjectPlugin
LogPluginManager: Mounting plugin VisualStudioCodeSourceCodeAccess
LogPluginManager: Mounting plugin VisualStudioSourceCodeAccess
LogPluginManager: Mounting plugin XCodeSourceCodeAccess
LogPluginManager: Mounting plugin AssetManagerEditor
LogPluginManager: Mounting plugin CryptoKeys
LogPluginManager: Mounting plugin CurveEditorTools
LogPluginManager: Mounting plugin DataValidation
LogPluginManager: Mounting plugin EditorScriptingUtilities
LogPluginManager: Mounting plugin FacialAnimation
LogPluginManager: Mounting plugin GameplayTagsEditor
LogPluginManager: Mounting plugin GeometryMode
LogPluginManager: Mounting plugin MacGraphicsSwitching
LogPluginManager: Mounting plugin MaterialAnalyzer
LogPluginManager: Mounting plugin MeshEditor
LogPluginManager: Mounting plugin MobileLauncherProfileWizard
LogPluginManager: Mounting plugin PluginBrowser
LogPluginManager: Mounting plugin SpeedTreeImporter
LogPluginManager: Mounting plugin DataprepEditor
LogPluginManager: Mounting plugin DatasmithContent
LogPluginManager: Mounting plugin StaticMeshEditorExtension
LogPluginManager: Mounting plugin VariantManagerContent
LogPluginManager: Mounting plugin AlembicImporter
LogPluginManager: Mounting plugin AutomationUtils
LogPluginManager: Mounting plugin BackChannel
LogPluginManager: Mounting plugin BlastPlugin
LogPluginManager: Mounting plugin ChaosCloth
LogPluginManager: Mounting plugin ChaosClothEditor
LogPluginManager: Mounting plugin ChaosEditor
LogPluginManager: Mounting plugin ChaosNiagara
LogPluginManager: Mounting plugin ChaosSolverPlugin
LogPluginManager: Mounting plugin CharacterAI
LogPluginManager: Mounting plugin GeometryCache
LogPluginManager: Mounting plugin GeometryCollectionPlugin
LogPluginManager: Mounting plugin GeometryProcessing
LogPluginManager: Mounting plugin PlanarCut
LogPluginManager: Mounting plugin PlatformCrypto
LogPluginManager: Mounting plugin ProxyLODPlugin
LogPluginManager: Mounting plugin SkeletalReduction
LogPluginManager: Mounting plugin Niagara
LogPluginManager: Mounting plugin MagicLeap
LogPluginManager: Mounting plugin MagicLeapLightEstimation
LogPluginManager: Mounting plugin MagicLeapMedia
LogPluginManager: Mounting plugin MagicLeapPassableWorld
LogPluginManager: Mounting plugin MLSDK
LogPluginManager: Mounting plugin AndroidMedia
LogPluginManager: Mounting plugin AvfMedia
LogPluginManager: Mounting plugin ImgMedia
LogPluginManager: Mounting plugin MediaCompositing
LogPluginManager: Mounting plugin MediaPlayerEditor
LogPluginManager: Mounting plugin WebMMedia
LogPluginManager: Mounting plugin WmfMedia
LogPluginManager: Mounting plugin MeshPainting
LogPluginManager: Mounting plugin TcpMessaging
LogPluginManager: Mounting plugin UdpMessaging
LogPluginManager: Mounting plugin ActorSequence
LogPluginManager: Mounting plugin LevelSequenceEditor
LogPluginManager: Mounting plugin MatineeToLevelSequence
LogPluginManager: Mounting plugin MovieRenderPipeline
LogPluginManager: Mounting plugin TemplateSequence
LogPluginManager: Mounting plugin NetcodeUnitTest
LogPluginManager: Mounting plugin NUTUnrealEngine4
LogPluginManager: Mounting plugin OnlineSubsystemGooglePlay
LogPluginManager: Mounting plugin OnlineSubsystemIOS
LogPluginManager: Mounting plugin OnlineSubsystem
LogPluginManager: Mounting plugin OnlineSubsystemNull
LogPluginManager: Mounting plugin OnlineSubsystemUtils
LogPluginManager: Mounting plugin LauncherChunkInstaller
LogPluginManager: Mounting plugin AndroidDeviceProfileSelector
LogPluginManager: Mounting plugin AndroidMoviePlayer
LogPluginManager: Mounting plugin AndroidPermission
LogPluginManager: Mounting plugin AppleImageUtils
LogPluginManager: Mounting plugin AppleMoviePlayer
LogPluginManager: Mounting plugin ArchVisCharacter
LogPluginManager: Mounting plugin AssetTags
LogPluginManager: Mounting plugin AudioCapture
LogPluginManager: Mounting plugin CableComponent
LogPluginManager: Mounting plugin CustomMeshComponent
LogPluginManager: Mounting plugin EditableMesh
LogPluginManager: Mounting plugin ExampleDeviceProfileSelector
LogPluginManager: Mounting plugin GoogleCloudMessaging
LogPluginManager: Mounting plugin GooglePAD
LogPluginManager: Mounting plugin IOSDeviceProfileSelector
LogPluginManager: Mounting plugin LinuxDeviceProfileSelector
LogPluginManager: Mounting plugin LocationServicesBPLibrary
LogPluginManager: Mounting plugin MobilePatchingUtils
LogPluginManager: Mounting plugin OculusVR
LogPluginManager: Mounting plugin PhysXVehicles
LogPluginManager: Mounting plugin PostSplashScreen
LogPluginManager: Mounting plugin ProceduralMeshComponent
LogPluginManager: Mounting plugin RuntimePhysXCooking
LogPluginManager: Mounting plugin SignificanceManager
LogPluginManager: Mounting plugin SoundFields
LogPluginManager: Mounting plugin SteamVR
LogPluginManager: Mounting plugin Synthesis
LogPluginManager: Mounting plugin WebMMoviePlayer
LogPluginManager: Mounting plugin WindowsMoviePlayer
LogPluginManager: Mounting plugin ScreenshotTools
LogInit: Using libcurl 7.55.1-DEV
LogInit:  - built for x86_64-pc-win32
LogInit:  - supports SSL with OpenSSL/1.1.1
LogInit:  - supports HTTP deflate (compression) using libz 1.2.8
LogInit:  - other features:
LogInit:      CURL_VERSION_SSL
LogInit:      CURL_VERSION_LIBZ
LogInit:      CURL_VERSION_IPV6
LogInit:      CURL_VERSION_ASYNCHDNS
LogInit:      CURL_VERSION_LARGEFILE
LogInit:      CURL_VERSION_IDN
LogInit:  CurlRequestOptions (configurable via config and command line):
LogInit:  - bVerifyPeer = true  - Libcurl will verify peer certificate
LogInit:  - bUseHttpProxy = false  - Libcurl will NOT use HTTP proxy
LogInit:  - bDontReuseConnections = false  - Libcurl will reuse connections
LogInit:  - MaxHostConnections = 16  - Libcurl will limit the number of connections to a host
LogInit:  - LocalHostAddr = Default
LogInit:  - BufferSize = 65536
LogOnline: OSS: Creating online subsystem instance for: NULL
LogInit: WinSock: version 1.1 (2.2), MaxSocks=32767, MaxUdp=65467
LogOnline: OSS: TryLoadSubsystemAndSetDefault: Loaded subsystem for module [NULL]
LogOculusPluginWrapper: OculusPlugin initialized successfully
LogHMD: Failed initializing OVRPlugin 1.44.0
LogInit: Build: ++UE4+Release-4.25-CL-14469661
LogInit: Engine Version: 4.25.4-14469661+++UE4+Release-4.25
LogInit: Compatible Engine Version: 4.25.0-13144385+++UE4+Release-4.25
LogInit: Net CL: 13144385
LogInit: OS: Windows 10 (Release 2009) (), CPU: Intel(R) Core(TM) i7-9700K CPU @ 3.60GHz, GPU: NVIDIA GeForce GTX 1060 6GB
LogInit: Compiled (64-bit): Oct 11 2020 08:10:49
LogInit: Compiled with Visual C++: 19.24.28315.00
LogInit: Build Configuration: Development
LogInit: Branch Name: ++UE4+Release-4.25
LogInit: Command Line: 
LogInit: Base Directory: C:/UE_4.25/Engine/Binaries/Win64/
LogInit: Allocator: TBB
LogInit: Installed Engine Build: 1
LogDevObjectVersion: Number of dev versions registered: 26
LogDevObjectVersion:   Dev-Blueprints (B0D832E4-1F89-4F0D-ACCF-7EB736FD4AA2): 10
LogDevObjectVersion:   Dev-Build (E1C64328-A22C-4D53-A36C-8E866417BD8C): 0
LogDevObjectVersion:   Dev-Core (375EC13C-06E4-48FB-B500-84F0262A717E): 4
LogDevObjectVersion:   Dev-Editor (E4B068ED-F494-42E9-A231-DA0B2E46BB41): 38
LogDevObjectVersion:   Dev-Framework (CFFC743F-43B0-4480-9391-14DF171D2073): 37
LogDevObjectVersion:   Dev-Mobile (B02B49B5-BB20-44E9-A304-32B752E40360): 2
LogDevObjectVersion:   Dev-Networking (A4E4105C-59A1-49B5-A7C5-40C4547EDFEE): 0
LogDevObjectVersion:   Dev-Online (39C831C9-5AE6-47DC-9A44-9C173E1C8E7C): 0
LogDevObjectVersion:   Dev-Physics (78F01B33-EBEA-4F98-B9B4-84EACCB95AA2): 4
LogDevObjectVersion:   Dev-Platform (6631380F-2D4D-43E0-8009-CF276956A95A): 0
LogDevObjectVersion:   Dev-Rendering (12F88B9F-8875-4AFC-A67C-D90C383ABD29): 43
LogDevObjectVersion:   Dev-Sequencer (7B5AE74C-D270-4C10-A958-57980B212A5A): 12
LogDevObjectVersion:   Dev-VR (D7296918-1DD6-4BDD-9DE2-64A83CC13884): 3
LogDevObjectVersion:   Dev-LoadTimes (C2A15278-BFE7-4AFE-6C17-90FF531DF755): 1
LogDevObjectVersion:   Private-Geometry (6EACA3D4-40EC-4CC1-B786-8BED09428FC5): 3
LogDevObjectVersion:   Dev-AnimPhys (29E575DD-E0A3-4627-9D10-D276232CDCEA): 17
LogDevObjectVersion:   Dev-Anim (AF43A65D-7FD3-4947-9873-3E8ED9C1BB05): 7
LogDevObjectVersion:   Dev-ReflectionCapture (6B266CEC-1EC7-4B8F-A30B-E4D90942FC07): 1
LogDevObjectVersion:   Dev-Automation (0DF73D61-A23F-47EA-B727-89E90C41499A): 1
LogDevObjectVersion:   FortniteMain (601D1886-AC64-4F84-AA16-D3DE0DEAC7D6): 31
LogDevObjectVersion:   Dev-Enterprise (9DFFBCD6-494F-0158-E221-12823C92A888): 10
LogDevObjectVersion:   Dev-Niagara (F2AED0AC-9AFE-416F-8664-AA7FFA26D6FC): 1
LogDevObjectVersion:   Dev-Destruction (174F1F0B-B4C6-45A5-B13F-2EE8D0FB917D): 10
LogDevObjectVersion:   Dev-Physics-Ext (35F94A83-E258-406C-A318-09F59610247C): 37
LogDevObjectVersion:   Dev-PhysicsMaterial-Chaos (B68FC16E-8B1B-42E2-B453-215C058844FE): 1
LogDevObjectVersion:   Dev-CineCamera (B2E18506-4273-CFC2-A54E-F4BB758BBA07): 1
LogInit: Presizing for max 25165824 objects, including 0 objects not considered by GC, pre-allocating 0 bytes for permanent pool.
LogConfig: Applying CVar settings from Section [/Script/Engine.StreamingSettings] File [C:/Users/Rsand/Pictures/UNI WORJKK/MAIN/Top_Down_2D_Game/Saved/Config/Windows/Engine.ini]
LogConfig: Setting CVar [[s.MinBulkDataSizeForAsyncLoading:131072]]
LogConfig: Setting CVar [[s.AsyncLoadingThreadEnabled:0]]
LogConfig: Setting CVar [[s.EventDrivenLoaderEnabled:1]]
LogConfig: Setting CVar [[s.WarnIfTimeLimitExceeded:0]]
LogConfig: Setting CVar [[s.TimeLimitExceededMultiplier:1.5]]
LogConfig: Setting CVar [[s.TimeLimitExceededMinTime:0.005]]
LogConfig: Setting CVar [[s.UseBackgroundLevelStreaming:1]]
LogConfig: Setting CVar [[s.PriorityAsyncLoadingExtraTime:15.0]]
LogConfig: Setting CVar [[s.LevelStreamingActorsUpdateTimeLimit:5.0]]
LogConfig: Setting CVar [[s.PriorityLevelStreamingActorsUpdateExtraTime:5.0]]
LogConfig: Setting CVar [[s.LevelStreamingComponentsRegistrationGranularity:10]]
LogConfig: Setting CVar [[s.UnregisterComponentsTimeLimit:1.0]]
LogConfig: Setting CVar [[s.LevelStreamingComponentsUnregistrationGranularity:5]]
LogConfig: Setting CVar [[s.FlushStreamingOnExit:1]]
LogInit: Object subsystem initialized
LogConfig: Setting CVar [[con.DebugEarlyDefault:1]]
LogConfig: Setting CVar [[r.setres:1280x720]]
[2022.01.10-12.15.10:886][  0]LogConfig: Setting CVar [[r.VSync:0]]
[2022.01.10-12.15.10:886][  0]LogConfig: Setting CVar [[r.RHICmdBypass:0]]
[2022.01.10-12.15.10:886][  0]LogConfig: Applying CVar settings from Section [/Script/Engine.RendererSettings] File [C:/Users/Rsand/Pictures/UNI WORJKK/MAIN/Top_Down_2D_Game/Saved/Config/Windows/Engine.ini]
[2022.01.10-12.15.10:886][  0]LogConfig: Setting CVar [[r.GPUCrashDebugging:0]]
[2022.01.10-12.15.10:886][  0]LogConfig: Applying CVar settings from Section [/Script/Engine.RendererOverrideSettings] File [C:/Users/Rsand/Pictures/UNI WORJKK/MAIN/Top_Down_2D_Game/Saved/Config/Windows/Engine.ini]
[2022.01.10-12.15.10:886][  0]LogConfig: Applying CVar settings from Section [/Script/Engine.StreamingSettings] File [C:/Users/Rsand/Pictures/UNI WORJKK/MAIN/Top_Down_2D_Game/Saved/Config/Windows/Engine.ini]
[2022.01.10-12.15.10:886][  0]LogConfig: Setting CVar [[s.MinBulkDataSizeForAsyncLoading:131072]]
[2022.01.10-12.15.10:886][  0]LogConfig: Setting CVar [[s.AsyncLoadingThreadEnabled:0]]
[2022.01.10-12.15.10:886][  0]LogConfig: Setting CVar [[s.EventDrivenLoaderEnabled:1]]
[2022.01.10-12.15.10:886][  0]LogConfig: Setting CVar [[s.WarnIfTimeLimitExceeded:0]]
[2022.01.10-12.15.10:886][  0]LogConfig: Setting CVar [[s.TimeLimitExceededMultiplier:1.5]]
[2022.01.10-12.15.10:886][  0]LogConfig: Setting CVar [[s.TimeLimitExceededMinTime:0.005]]
[2022.01.10-12.15.10:886][  0]LogConfig: Setting CVar [[s.UseBackgroundLevelStreaming:1]]
[2022.01.10-12.15.10:886][  0]LogConfig: Setting CVar [[s.PriorityAsyncLoadingExtraTime:15.0]]
[2022.01.10-12.15.10:886][  0]LogConfig: Setting CVar [[s.LevelStreamingActorsUpdateTimeLimit:5.0]]
[2022.01.10-12.15.10:886][  0]LogConfig: Setting CVar [[s.PriorityLevelStreamingActorsUpdateExtraTime:5.0]]
[2022.01.10-12.15.10:886][  0]LogConfig: Setting CVar [[s.LevelStreamingComponentsRegistrationGranularity:10]]
[2022.01.10-12.15.10:886][  0]LogConfig: Setting CVar [[s.UnregisterComponentsTimeLimit:1.0]]
[2022.01.10-12.15.10:886][  0]LogConfig: Setting CVar [[s.LevelStreamingComponentsUnregistrationGranularity:5]]
[2022.01.10-12.15.10:886][  0]LogConfig: Setting CVar [[s.FlushStreamingOnExit:1]]
[2022.01.10-12.15.10:886][  0]LogConfig: Applying CVar settings from Section [/Script/Engine.GarbageCollectionSettings] File [C:/Users/Rsand/Pictures/UNI WORJKK/MAIN/Top_Down_2D_Game/Saved/Config/Windows/Engine.ini]
[2022.01.10-12.15.10:886][  0]LogConfig: Setting CVar [[gc.MaxObjectsNotConsideredByGC:1]]
[2022.01.10-12.15.10:886][  0]LogConfig: Setting CVar [[gc.SizeOfPermanentObjectPool:0]]
[2022.01.10-12.15.10:886][  0]LogConfig: Setting CVar [[gc.FlushStreamingOnGC:0]]
[2022.01.10-12.15.10:886][  0]LogConfig: Setting CVar [[gc.NumRetriesBeforeForcingGC:10]]
[2022.01.10-12.15.10:886][  0]LogConfig: Setting CVar [[gc.AllowParallelGC:1]]
[2022.01.10-12.15.10:886][  0]LogConfig: Setting CVar [[gc.TimeBetweenPurgingPendingKillObjects:61.1]]
[2022.01.10-12.15.10:886][  0]LogConfig: Setting CVar [[gc.MaxObjectsInEditor:25165824]]
[2022.01.10-12.15.10:886][  0]LogConfig: Setting CVar [[gc.IncrementalBeginDestroyEnabled:1]]
[2022.01.10-12.15.10:886][  0]LogConfig: Setting CVar [[gc.CreateGCClusters:1]]
[2022.01.10-12.15.10:886][  0]LogConfig: Setting CVar [[gc.MinGCClusterSize:5]]
[2022.01.10-12.15.10:886][  0]LogConfig: Setting CVar [[gc.ActorClusteringEnabled:0]]
[2022.01.10-12.15.10:886][  0]LogConfig: Setting CVar [[gc.BlueprintClusteringEnabled:0]]
[2022.01.10-12.15.10:886][  0]LogConfig: Setting CVar [[gc.UseDisregardForGCOnDedicatedServers:0]]
[2022.01.10-12.15.10:886][  0]LogConfig: Applying CVar settings from Section [/Script/Engine.NetworkSettings] File [C:/Users/Rsand/Pictures/UNI WORJKK/MAIN/Top_Down_2D_Game/Saved/Config/Windows/Engine.ini]
[2022.01.10-12.15.10:886][  0]LogConfig: Applying CVar settings from Section [/Script/UnrealEd.CookerSettings] File [C:/Users/Rsand/Pictures/UNI WORJKK/MAIN/Top_Down_2D_Game/Saved/Config/Windows/Engine.ini]
[2022.01.10-12.15.10:890][  0]LogConfig: Applying CVar settings from Section [ViewDistanceQuality@3] File [C:/Users/Rsand/Pictures/UNI WORJKK/MAIN/Top_Down_2D_Game/Saved/Config/Windows/Scalability.ini]
[2022.01.10-12.15.10:890][  0]LogConfig: Setting CVar [[r.SkeletalMeshLODBias:0]]
[2022.01.10-12.15.10:890][  0]LogConfig: Setting CVar [[r.ViewDistanceScale:1.0]]
[2022.01.10-12.15.10:890][  0]LogConfig: Applying CVar settings from Section [AntiAliasingQuality@3] File [C:/Users/Rsand/Pictures/UNI WORJKK/MAIN/Top_Down_2D_Game/Saved/Config/Windows/Scalability.ini]
[2022.01.10-12.15.10:891][  0]LogConfig: Setting CVar [[r.PostProcessAAQuality:4]]
[2022.01.10-12.15.10:891][  0]LogConfig: Applying CVar settings from Section [ShadowQuality@3] File [C:/Users/Rsand/Pictures/UNI WORJKK/MAIN/Top_Down_2D_Game/Saved/Config/Windows/Scalability.ini]
[2022.01.10-12.15.10:891][  0]LogConfig: Setting CVar [[r.LightFunctionQuality:1]]
[2022.01.10-12.15.10:891][  0]LogConfig: Setting CVar [[r.ShadowQuality:5]]
[2022.01.10-12.15.10:891][  0]LogConfig: Setting CVar [[r.Shadow.CSM.MaxCascades:10]]
[2022.01.10-12.15.10:891][  0]LogConfig: Setting CVar [[r.Shadow.MaxResolution:2048]]
[2022.01.10-12.15.10:891][  0]LogConfig: Setting CVar [[r.Shadow.MaxCSMResolution:2048]]
[2022.01.10-12.15.10:891][  0]LogConfig: Setting CVar [[r.Shadow.RadiusThreshold:0.01]]
[2022.01.10-12.15.10:891][  0]LogConfig: Setting CVar [[r.Shadow.DistanceScale:1.0]]
[2022.01.10-12.15.10:891][  0]LogConfig: Setting CVar [[r.Shadow.CSM.TransitionScale:1.0]]
[2022.01.10-12.15.10:891][  0]LogConfig: Setting CVar [[r.Shadow.PreShadowResolutionFactor:1.0]]
[2022.01.10-12.15.10:891][  0]LogConfig: Setting CVar [[r.DistanceFieldShadowing:1]]
[2022.01.10-12.15.10:891][  0]LogConfig: Setting CVar [[r.DistanceFieldAO:1]]
[2022.01.10-12.15.10:891][  0]LogConfig: Setting CVar [[r.AOQuality:2]]
[2022.01.10-12.15.10:891][  0]LogConfig: Setting CVar [[r.VolumetricFog:1]]
[2022.01.10-12.15.10:891][  0]LogConfig: Setting CVar [[r.VolumetricFog.GridPixelSize:8]]
[2022.01.10-12.15.10:891][  0]LogConfig: Setting CVar [[r.VolumetricFog.GridSizeZ:128]]
[2022.01.10-12.15.10:891][  0]LogConfig: Setting CVar [[r.VolumetricFog.HistoryMissSupersampleCount:4]]
[2022.01.10-12.15.10:891][  0]LogConfig: Setting CVar [[r.LightMaxDrawDistanceScale:1]]
[2022.01.10-12.15.10:891][  0]LogConfig: Setting CVar [[r.CapsuleShadows:1]]
[2022.01.10-12.15.10:891][  0]LogConfig: Applying CVar settings from Section [PostProcessQuality@3] File [C:/Users/Rsand/Pictures/UNI WORJKK/MAIN/Top_Down_2D_Game/Saved/Config/Windows/Scalability.ini]
[2022.01.10-12.15.10:891][  0]LogConfig: Setting CVar [[r.MotionBlurQuality:4]]
[2022.01.10-12.15.10:891][  0]LogConfig: Setting CVar [[r.AmbientOcclusionMipLevelFactor:0.4]]
[2022.01.10-12.15.10:891][  0]LogConfig: Setting CVar [[r.AmbientOcclusionMaxQuality:100]]
[2022.01.10-12.15.10:891][  0]LogConfig: Setting CVar [[r.AmbientOcclusionLevels:-1]]
[2022.01.10-12.15.10:891][  0]LogConfig: Setting CVar [[r.AmbientOcclusionRadiusScale:1.0]]
[2022.01.10-12.15.10:891][  0]LogConfig: Setting CVar [[r.DepthOfFieldQuality:2]]
[2022.01.10-12.15.10:891][  0]LogConfig: Setting CVar [[r.RenderTargetPoolMin:400]]
[2022.01.10-12.15.10:891][  0]LogConfig: Setting CVar [[r.LensFlareQuality:2]]
[2022.01.10-12.15.10:891][  0]LogConfig: Setting CVar [[r.SceneColorFringeQuality:1]]
[2022.01.10-12.15.10:891][  0]LogConfig: Setting CVar [[r.EyeAdaptationQuality:2]]
[2022.01.10-12.15.10:891][  0]LogConfig: Setting CVar [[r.BloomQuality:5]]
[2022.01.10-12.15.10:891][  0]LogConfig: Setting CVar [[r.FastBlurThreshold:100]]
[2022.01.10-12.15.10:891][  0]LogConfig: Setting CVar [[r.Upscale.Quality:3]]
[2022.01.10-12.15.10:891][  0]LogConfig: Setting CVar [[r.Tonemapper.GrainQuantization:1]]
[2022.01.10-12.15.10:891][  0]LogConfig: Setting CVar [[r.LightShaftQuality:1]]
[2022.01.10-12.15.10:891][  0]LogConfig: Setting CVar [[r.Filter.SizeScale:1]]
[2022.01.10-12.15.10:891][  0]LogConfig: Setting CVar [[r.Tonemapper.Quality:5]]
[2022.01.10-12.15.10:891][  0]LogConfig: Setting CVar [[r.DOF.Gather.AccumulatorQuality:1        ; higher gathering accumulator quality]]
[2022.01.10-12.15.10:891][  0]LogConfig: Setting CVar [[r.DOF.Gather.PostfilterMethod:1          ; Median3x3 postfilering method]]
[2022.01.10-12.15.10:891][  0]LogConfig: Setting CVar [[r.DOF.Gather.EnableBokehSettings:0       ; no bokeh simulation when gathering]]
[2022.01.10-12.15.10:891][  0]LogConfig: Setting CVar [[r.DOF.Gather.RingCount:4                 ; medium number of samples when gathering]]
[2022.01.10-12.15.10:891][  0]LogConfig: Setting CVar [[r.DOF.Scatter.ForegroundCompositing:1    ; additive foreground scattering]]
[2022.01.10-12.15.10:891][  0]LogConfig: Setting CVar [[r.DOF.Scatter.BackgroundCompositing:2    ; additive background scattering]]
[2022.01.10-12.15.10:891][  0]LogConfig: Setting CVar [[r.DOF.Scatter.EnableBokehSettings:1      ; bokeh simulation when scattering]]
[2022.01.10-12.15.10:891][  0]LogConfig: Setting CVar [[r.DOF.Scatter.MaxSpriteRatio:0.1         ; only a maximum of 10% of scattered bokeh]]
[2022.01.10-12.15.10:891][  0]LogConfig: Setting CVar [[r.DOF.Recombine.Quality:1                ; cheap slight out of focus]]
[2022.01.10-12.15.10:891][  0]LogConfig: Setting CVar [[r.DOF.Recombine.EnableBokehSettings:0    ; no bokeh simulation on slight out of focus]]
[2022.01.10-12.15.10:891][  0]LogConfig: Setting CVar [[r.DOF.TemporalAAQuality:1                ; more stable temporal accumulation]]
[2022.01.10-12.15.10:891][  0]LogConfig: Setting CVar [[r.DOF.Kernel.MaxForegroundRadius:0.025]]
[2022.01.10-12.15.10:891][  0]LogConfig: Setting CVar [[r.DOF.Kernel.MaxBackgroundRadius:0.025]]
[2022.01.10-12.15.10:891][  0]LogConfig: Applying CVar settings from Section [TextureQuality@3] File [C:/Users/Rsand/Pictures/UNI WORJKK/MAIN/Top_Down_2D_Game/Saved/Config/Windows/Scalability.ini]
[2022.01.10-12.15.10:891][  0]LogConfig: Setting CVar [[r.Streaming.MipBias:0]]
[2022.01.10-12.15.10:891][  0]LogConfig: Setting CVar [[r.Streaming.AmortizeCPUToGPUCopy:0]]
[2022.01.10-12.15.10:891][  0]LogConfig: Setting CVar [[r.Streaming.MaxNumTexturesToStreamPerFrame:0]]
[2022.01.10-12.15.10:891][  0]LogConfig: Setting CVar [[r.Streaming.Boost:1]]
[2022.01.10-12.15.10:891][  0]LogConfig: Setting CVar [[r.MaxAnisotropy:8]]
[2022.01.10-12.15.10:891][  0]LogConfig: Setting CVar [[r.VT.MaxAnisotropy:8]]
[2022.01.10-12.15.10:891][  0]LogConfig: Setting CVar [[r.Streaming.LimitPoolSizeToVRAM:0]]
[2022.01.10-12.15.10:891][  0]LogConfig: Setting CVar [[r.Streaming.PoolSize:1000]]
[2022.01.10-12.15.10:891][  0]LogConfig: Setting CVar [[r.Streaming.MaxEffectiveScreenSize:0]]
[2022.01.10-12.15.10:891][  0]LogConfig: Applying CVar settings from Section [EffectsQuality@3] File [C:/Users/Rsand/Pictures/UNI WORJKK/MAIN/Top_Down_2D_Game/Saved/Config/Windows/Scalability.ini]
[2022.01.10-12.15.10:891][  0]LogConfig: Setting CVar [[r.TranslucencyLightingVolumeDim:64]]
[2022.01.10-12.15.10:891][  0]LogConfig: Setting CVar [[r.RefractionQuality:2]]
[2022.01.10-12.15.10:891][  0]LogConfig: Setting CVar [[r.SSR.Quality:3]]
[2022.01.10-12.15.10:891][  0]LogConfig: Setting CVar [[r.SSR.HalfResSceneColor:0]]
[2022.01.10-12.15.10:891][  0]LogConfig: Setting CVar [[r.SceneColorFormat:4]]
[2022.01.10-12.15.10:891][  0]LogConfig: Setting CVar [[r.DetailMode:2]]
[2022.01.10-12.15.10:891][  0]LogConfig: Setting CVar [[r.TranslucencyVolumeBlur:1]]
[2022.01.10-12.15.10:891][  0]LogConfig: Setting CVar [[r.MaterialQualityLevel:1 ; High quality]]
[2022.01.10-12.15.10:891][  0]LogConfig: Setting CVar [[r.SSS.Scale:1]]
[2022.01.10-12.15.10:891][  0]LogConfig: Setting CVar [[r.SSS.SampleSet:2]]
[2022.01.10-12.15.10:891][  0]LogConfig: Setting CVar [[r.SSS.Quality:1]]
[2022.01.10-12.15.10:891][  0]LogConfig: Setting CVar [[r.SSS.HalfRes:0]]
[2022.01.10-12.15.10:891][  0]LogConfig: Setting CVar [[r.SSGI.Quality:3]]
[2022.01.10-12.15.10:891][  0]LogConfig: Setting CVar [[r.EmitterSpawnRateScale:1.0]]
[2022.01.10-12.15.10:891][  0]LogConfig: Setting CVar [[r.ParticleLightQuality:2]]
[2022.01.10-12.15.10:891][  0]LogConfig: Setting CVar [[r.SkyAtmosphere.AerialPerspectiveLUT.FastApplyOnOpaque:1 ; Always have FastSkyLUT 1 in this case to avoid wrong sky]]
[2022.01.10-12.15.10:891][  0]LogConfig: Setting CVar [[r.SkyAtmosphere.AerialPerspectiveLUT.SampleCountPerSlice:1]]
[2022.01.10-12.15.10:891][  0]LogConfig: Setting CVar [[r.SkyAtmosphere.AerialPerspectiveLUT.DepthResolution:16.0]]
[2022.01.10-12.15.10:891][  0]LogConfig: Setting CVar [[r.SkyAtmosphere.FastSkyLUT:1]]
[2022.01.10-12.15.10:891][  0]LogConfig: Setting CVar [[r.SkyAtmosphere.FastSkyLUT.SampleCountMin:4.0]]
[2022.01.10-12.15.10:891][  0]LogConfig: Setting CVar [[r.SkyAtmosphere.FastSkyLUT.SampleCountMax:32.0]]
[2022.01.10-12.15.10:891][  0]LogConfig: Setting CVar [[r.SkyAtmosphere.SampleCountMin:4.0]]
[2022.01.10-12.15.10:891][  0]LogConfig: Setting CVar [[r.SkyAtmosphere.SampleCountMax:32.0]]
[2022.01.10-12.15.10:891][  0]LogConfig: Setting CVar [[r.SkyAtmosphere.TransmittanceLUT.UseSmallFormat:0]]
[2022.01.10-12.15.10:891][  0]LogConfig: Setting CVar [[r.SkyAtmosphere.TransmittanceLUT.SampleCount:10.0]]
[2022.01.10-12.15.10:891][  0]LogConfig: Setting CVar [[r.SkyAtmosphere.MultiScatteringLUT.SampleCount:15.0]]
[2022.01.10-12.15.10:891][  0]LogConfig: Applying CVar settings from Section [FoliageQuality@3] File [C:/Users/Rsand/Pictures/UNI WORJKK/MAIN/Top_Down_2D_Game/Saved/Config/Windows/Scalability.ini]
[2022.01.10-12.15.10:891][  0]LogConfig: Setting CVar [[foliage.DensityScale:1.0]]
[2022.01.10-12.15.10:891][  0]LogConfig: Setting CVar [[grass.DensityScale:1.0]]
[2022.01.10-12.15.10:891][  0]LogConfig: Applying CVar settings from Section [ShadingQuality@3] File [C:/Users/Rsand/Pictures/UNI WORJKK/MAIN/Top_Down_2D_Game/Saved/Config/Windows/Scalability.ini]
[2022.01.10-12.15.10:891][  0]LogConfig: Setting CVar [[r.HairStrands.SkyLighting.SampleCount:16]]
[2022.01.10-12.15.10:891][  0]LogConfig: Setting CVar [[r.HairStrands.SkyLighting.JitterIntegration:0]]
[2022.01.10-12.15.10:891][  0]LogConfig: Setting CVar [[r.HairStrands.SkyAO.SampleCount:16]]
[2022.01.10-12.15.10:891][  0]LogConfig: Setting CVar [[r.HairStrands.DeepShadow.SuperSampling:0]]
[2022.01.10-12.15.10:891][  0]LogConfig: Setting CVar [[r.HairStrands.VisibilityPPLL:0]]
[2022.01.10-12.15.10:891][  0]LogConfig: Setting CVar [[r.HairStrands.RasterizationScale:0.5]]
[2022.01.10-12.15.10:891][  0]LogConfig: Setting CVar [[r.HairStrands.VelocityRasterizationScale:1]]
[2022.01.10-12.15.10:892][  0]LogInit: Selected Device Profile: [Windows]
[2022.01.10-12.15.10:892][  0]LogInit: Applying CVar settings loaded from the selected device profile: [Windows]
[2022.01.10-12.15.10:892][  0]LogHAL: Display: Platform has ~ 32 GB [34290835456 / 34359738368 / 32], which maps to Largest [LargestMinGB=32, LargerMinGB=12, DefaultMinGB=8, SmallerMinGB=6, SmallestMinGB=0)
[2022.01.10-12.15.10:892][  0]LogInit: Going up to parent DeviceProfile []
[2022.01.10-12.15.10:893][  0]LogConfig: Applying CVar settings from Section [ViewDistanceQuality@3] File [C:/Users/Rsand/Pictures/UNI WORJKK/MAIN/Top_Down_2D_Game/Saved/Config/Windows/Scalability.ini]
[2022.01.10-12.15.10:893][  0]LogConfig: Setting CVar [[r.SkeletalMeshLODBias:0]]
[2022.01.10-12.15.10:893][  0]LogConfig: Setting CVar [[r.ViewDistanceScale:1.0]]
[2022.01.10-12.15.10:893][  0]LogConfig: Applying CVar settings from Section [AntiAliasingQuality@3] File [C:/Users/Rsand/Pictures/UNI WORJKK/MAIN/Top_Down_2D_Game/Saved/Config/Windows/Scalability.ini]
[2022.01.10-12.15.10:893][  0]LogConfig: Setting CVar [[r.PostProcessAAQuality:4]]
[2022.01.10-12.15.10:893][  0]LogConfig: Applying CVar settings from Section [ShadowQuality@3] File [C:/Users/Rsand/Pictures/UNI WORJKK/MAIN/Top_Down_2D_Game/Saved/Config/Windows/Scalability.ini]
[2022.01.10-12.15.10:893][  0]LogConfig: Setting CVar [[r.LightFunctionQuality:1]]
[2022.01.10-12.15.10:893][  0]LogConfig: Setting CVar [[r.ShadowQuality:5]]
[2022.01.10-12.15.10:893][  0]LogConfig: Setting CVar [[r.Shadow.CSM.MaxCascades:10]]
[2022.01.10-12.15.10:893][  0]LogConfig: Setting CVar [[r.Shadow.MaxResolution:2048]]
[2022.01.10-12.15.10:893][  0]LogConfig: Setting CVar [[r.Shadow.MaxCSMResolution:2048]]
[2022.01.10-12.15.10:893][  0]LogConfig: Setting CVar [[r.Shadow.RadiusThreshold:0.01]]
[2022.01.10-12.15.10:893][  0]LogConfig: Setting CVar [[r.Shadow.DistanceScale:1.0]]
[2022.01.10-12.15.10:893][  0]LogConfig: Setting CVar [[r.Shadow.CSM.TransitionScale:1.0]]
[2022.01.10-12.15.10:893][  0]LogConfig: Setting CVar [[r.Shadow.PreShadowResolutionFactor:1.0]]
[2022.01.10-12.15.10:893][  0]LogConfig: Setting CVar [[r.DistanceFieldShadowing:1]]
[2022.01.10-12.15.10:893][  0]LogConfig: Setting CVar [[r.DistanceFieldAO:1]]
[2022.01.10-12.15.10:893][  0]LogConfig: Setting CVar [[r.AOQuality:2]]
[2022.01.10-12.15.10:893][  0]LogConfig: Setting CVar [[r.VolumetricFog:1]]
[2022.01.10-12.15.10:893][  0]LogConfig: Setting CVar [[r.VolumetricFog.GridPixelSize:8]]
[2022.01.10-12.15.10:893][  0]LogConfig: Setting CVar [[r.VolumetricFog.GridSizeZ:128]]
[2022.01.10-12.15.10:893][  0]LogConfig: Setting CVar [[r.VolumetricFog.HistoryMissSupersampleCount:4]]
[2022.01.10-12.15.10:893][  0]LogConfig: Setting CVar [[r.LightMaxDrawDistanceScale:1]]
[2022.01.10-12.15.10:893][  0]LogConfig: Setting CVar [[r.CapsuleShadows:1]]
[2022.01.10-12.15.10:893][  0]LogConfig: Applying CVar settings from Section [PostProcessQuality@3] File [C:/Users/Rsand/Pictures/UNI WORJKK/MAIN/Top_Down_2D_Game/Saved/Config/Windows/Scalability.ini]
[2022.01.10-12.15.10:893][  0]LogConfig: Setting CVar [[r.MotionBlurQuality:4]]
[2022.01.10-12.15.10:893][  0]LogConfig: Setting CVar [[r.AmbientOcclusionMipLevelFactor:0.4]]
[2022.01.10-12.15.10:893][  0]LogConfig: Setting CVar [[r.AmbientOcclusionMaxQuality:100]]
[2022.01.10-12.15.10:893][  0]LogConfig: Setting CVar [[r.AmbientOcclusionLevels:-1]]
[2022.01.10-12.15.10:893][  0]LogConfig: Setting CVar [[r.AmbientOcclusionRadiusScale:1.0]]
[2022.01.10-12.15.10:893][  0]LogConfig: Setting CVar [[r.DepthOfFieldQuality:2]]
[2022.01.10-12.15.10:893][  0]LogConfig: Setting CVar [[r.RenderTargetPoolMin:400]]
[2022.01.10-12.15.10:893][  0]LogConfig: Setting CVar [[r.LensFlareQuality:2]]
[2022.01.10-12.15.10:893][  0]LogConfig: Setting CVar [[r.SceneColorFringeQuality:1]]
[2022.01.10-12.15.10:893][  0]LogConfig: Setting CVar [[r.EyeAdaptationQuality:2]]
[2022.01.10-12.15.10:893][  0]LogConfig: Setting CVar [[r.BloomQuality:5]]
[2022.01.10-12.15.10:893][  0]LogConfig: Setting CVar [[r.FastBlurThreshold:100]]
[2022.01.10-12.15.10:893][  0]LogConfig: Setting CVar [[r.Upscale.Quality:3]]
[2022.01.10-12.15.10:893][  0]LogConfig: Setting CVar [[r.Tonemapper.GrainQuantization:1]]
[2022.01.10-12.15.10:893][  0]LogConfig: Setting CVar [[r.LightShaftQuality:1]]
[2022.01.10-12.15.10:893][  0]LogConfig: Setting CVar [[r.Filter.SizeScale:1]]
[2022.01.10-12.15.10:893][  0]LogConfig: Setting CVar [[r.Tonemapper.Quality:5]]
[2022.01.10-12.15.10:893][  0]LogConfig: Setting CVar [[r.DOF.Gather.AccumulatorQuality:1        ; higher gathering accumulator quality]]
[2022.01.10-12.15.10:893][  0]LogConfig: Setting CVar [[r.DOF.Gather.PostfilterMethod:1          ; Median3x3 postfilering method]]
[2022.01.10-12.15.10:893][  0]LogConfig: Setting CVar [[r.DOF.Gather.EnableBokehSettings:0       ; no bokeh simulation when gathering]]
[2022.01.10-12.15.10:893][  0]LogConfig: Setting CVar [[r.DOF.Gather.RingCount:4                 ; medium number of samples when gathering]]
[2022.01.10-12.15.10:893][  0]LogConfig: Setting CVar [[r.DOF.Scatter.ForegroundCompositing:1    ; additive foreground scattering]]
[2022.01.10-12.15.10:893][  0]LogConfig: Setting CVar [[r.DOF.Scatter.BackgroundCompositing:2    ; additive background scattering]]
[2022.01.10-12.15.10:893][  0]LogConfig: Setting CVar [[r.DOF.Scatter.EnableBokehSettings:1      ; bokeh simulation when scattering]]
[2022.01.10-12.15.10:893][  0]LogConfig: Setting CVar [[r.DOF.Scatter.MaxSpriteRatio:0.1         ; only a maximum of 10% of scattered bokeh]]
[2022.01.10-12.15.10:893][  0]LogConfig: Setting CVar [[r.DOF.Recombine.Quality:1                ; cheap slight out of focus]]
[2022.01.10-12.15.10:893][  0]LogConfig: Setting CVar [[r.DOF.Recombine.EnableBokehSettings:0    ; no bokeh simulation on slight out of focus]]
[2022.01.10-12.15.10:893][  0]LogConfig: Setting CVar [[r.DOF.TemporalAAQuality:1                ; more stable temporal accumulation]]
[2022.01.10-12.15.10:893][  0]LogConfig: Setting CVar [[r.DOF.Kernel.MaxForegroundRadius:0.025]]
[2022.01.10-12.15.10:893][  0]LogConfig: Setting CVar [[r.DOF.Kernel.MaxBackgroundRadius:0.025]]
[2022.01.10-12.15.10:893][  0]LogConfig: Applying CVar settings from Section [TextureQuality@3] File [C:/Users/Rsand/Pictures/UNI WORJKK/MAIN/Top_Down_2D_Game/Saved/Config/Windows/Scalability.ini]
[2022.01.10-12.15.10:893][  0]LogConfig: Setting CVar [[r.Streaming.MipBias:0]]
[2022.01.10-12.15.10:893][  0]LogConfig: Setting CVar [[r.Streaming.AmortizeCPUToGPUCopy:0]]
[2022.01.10-12.15.10:893][  0]LogConfig: Setting CVar [[r.Streaming.MaxNumTexturesToStreamPerFrame:0]]
[2022.01.10-12.15.10:893][  0]LogConfig: Setting CVar [[r.Streaming.Boost:1]]
[2022.01.10-12.15.10:893][  0]LogConfig: Setting CVar [[r.MaxAnisotropy:8]]
[2022.01.10-12.15.10:893][  0]LogConfig: Setting CVar [[r.VT.MaxAnisotropy:8]]
[2022.01.10-12.15.10:893][  0]LogConfig: Setting CVar [[r.Streaming.LimitPoolSizeToVRAM:0]]
[2022.01.10-12.15.10:893][  0]LogConfig: Setting CVar [[r.Streaming.PoolSize:1000]]
[2022.01.10-12.15.10:893][  0]LogConfig: Setting CVar [[r.Streaming.MaxEffectiveScreenSize:0]]
[2022.01.10-12.15.10:893][  0]LogConfig: Applying CVar settings from Section [EffectsQuality@3] File [C:/Users/Rsand/Pictures/UNI WORJKK/MAIN/Top_Down_2D_Game/Saved/Config/Windows/Scalability.ini]
[2022.01.10-12.15.10:893][  0]LogConfig: Setting CVar [[r.TranslucencyLightingVolumeDim:64]]
[2022.01.10-12.15.10:893][  0]LogConfig: Setting CVar [[r.RefractionQuality:2]]
[2022.01.10-12.15.10:893][  0]LogConfig: Setting CVar [[r.SSR.Quality:3]]
[2022.01.10-12.15.10:893][  0]LogConfig: Setting CVar [[r.SSR.HalfResSceneColor:0]]
[2022.01.10-12.15.10:893][  0]LogConfig: Setting CVar [[r.SceneColorFormat:4]]
[2022.01.10-12.15.10:893][  0]LogConfig: Setting CVar [[r.DetailMode:2]]
[2022.01.10-12.15.10:893][  0]LogConfig: Setting CVar [[r.TranslucencyVolumeBlur:1]]
[2022.01.10-12.15.10:893][  0]LogConfig: Setting CVar [[r.MaterialQualityLevel:1 ; High quality]]
[2022.01.10-12.15.10:893][  0]LogConfig: Setting CVar [[r.SSS.Scale:1]]
[2022.01.10-12.15.10:893][  0]LogConfig: Setting CVar [[r.SSS.SampleSet:2]]
[2022.01.10-12.15.10:893][  0]LogConfig: Setting CVar [[r.SSS.Quality:1]]
[2022.01.10-12.15.10:893][  0]LogConfig: Setting CVar [[r.SSS.HalfRes:0]]
[2022.01.10-12.15.10:893][  0]LogConfig: Setting CVar [[r.SSGI.Quality:3]]
[2022.01.10-12.15.10:893][  0]LogConfig: Setting CVar [[r.EmitterSpawnRateScale:1.0]]
[2022.01.10-12.15.10:893][  0]LogConfig: Setting CVar [[r.ParticleLightQuality:2]]
[2022.01.10-12.15.10:893][  0]LogConfig: Setting CVar [[r.SkyAtmosphere.AerialPerspectiveLUT.FastApplyOnOpaque:1 ; Always have FastSkyLUT 1 in this case to avoid wrong sky]]
[2022.01.10-12.15.10:893][  0]LogConfig: Setting CVar [[r.SkyAtmosphere.AerialPerspectiveLUT.SampleCountPerSlice:1]]
[2022.01.10-12.15.10:893][  0]LogConfig: Setting CVar [[r.SkyAtmosphere.AerialPerspectiveLUT.DepthResolution:16.0]]
[2022.01.10-12.15.10:893][  0]LogConfig: Setting CVar [[r.SkyAtmosphere.FastSkyLUT:1]]
[2022.01.10-12.15.10:893][  0]LogConfig: Setting CVar [[r.SkyAtmosphere.FastSkyLUT.SampleCountMin:4.0]]
[2022.01.10-12.15.10:893][  0]LogConfig: Setting CVar [[r.SkyAtmosphere.FastSkyLUT.SampleCountMax:32.0]]
[2022.01.10-12.15.10:893][  0]LogConfig: Setting CVar [[r.SkyAtmosphere.SampleCountMin:4.0]]
[2022.01.10-12.15.10:893][  0]LogConfig: Setting CVar [[r.SkyAtmosphere.SampleCountMax:32.0]]
[2022.01.10-12.15.10:893][  0]LogConfig: Setting CVar [[r.SkyAtmosphere.TransmittanceLUT.UseSmallFormat:0]]
[2022.01.10-12.15.10:893][  0]LogConfig: Setting CVar [[r.SkyAtmosphere.TransmittanceLUT.SampleCount:10.0]]
[2022.01.10-12.15.10:893][  0]LogConfig: Setting CVar [[r.SkyAtmosphere.MultiScatteringLUT.SampleCount:15.0]]
[2022.01.10-12.15.10:893][  0]LogConfig: Applying CVar settings from Section [FoliageQuality@3] File [C:/Users/Rsand/Pictures/UNI WORJKK/MAIN/Top_Down_2D_Game/Saved/Config/Windows/Scalability.ini]
[2022.01.10-12.15.10:893][  0]LogConfig: Setting CVar [[foliage.DensityScale:1.0]]
[2022.01.10-12.15.10:893][  0]LogConfig: Setting CVar [[grass.DensityScale:1.0]]
[2022.01.10-12.15.10:893][  0]LogConfig: Applying CVar settings from Section [ShadingQuality@3] File [C:/Users/Rsand/Pictures/UNI WORJKK/MAIN/Top_Down_2D_Game/Saved/Config/Windows/Scalability.ini]
[2022.01.10-12.15.10:893][  0]LogConfig: Setting CVar [[r.HairStrands.SkyLighting.SampleCount:16]]
[2022.01.10-12.15.10:893][  0]LogConfig: Setting CVar [[r.HairStrands.SkyLighting.JitterIntegration:0]]
[2022.01.10-12.15.10:893][  0]LogConfig: Setting CVar [[r.HairStrands.SkyAO.SampleCount:16]]
[2022.01.10-12.15.10:893][  0]LogConfig: Setting CVar [[r.HairStrands.DeepShadow.SuperSampling:0]]
[2022.01.10-12.15.10:893][  0]LogConfig: Setting CVar [[r.HairStrands.VisibilityPPLL:0]]
[2022.01.10-12.15.10:893][  0]LogConfig: Setting CVar [[r.HairStrands.RasterizationScale:0.5]]
[2022.01.10-12.15.10:893][  0]LogConfig: Setting CVar [[r.HairStrands.VelocityRasterizationScale:1]]
[2022.01.10-12.15.10:893][  0]LogConfig: Applying CVar settings from Section [Startup] File [../../../Engine/Config/ConsoleVariables.ini]
[2022.01.10-12.15.10:898][  0]LogConfig: Setting CVar [[net.UseAdaptiveNetUpdateFrequency:0]]
[2022.01.10-12.15.10:898][  0]LogConfig: Setting CVar [[p.chaos.AllowCreatePhysxBodies:1]]
[2022.01.10-12.15.10:898][  0]LogConfig: Setting CVar [[fx.SkipVectorVMBackendOptimizations:1]]
[2022.01.10-12.15.10:898][  0]LogConfig: Applying CVar settings from Section [ConsoleVariables] File [C:/Users/Rsand/Pictures/UNI WORJKK/MAIN/Top_Down_2D_Game/Saved/Config/Windows/Engine.ini]
[2022.01.10-12.15.10:898][  0]LogInit: Computer: RHYS-PC
[2022.01.10-12.15.10:898][  0]LogInit: User: Rhys
[2022.01.10-12.15.10:898][  0]LogInit: CPU Page size=4096, Cores=8
[2022.01.10-12.15.10:898][  0]LogInit: High frequency timer resolution =10.000000 MHz
[2022.01.10-12.15.10:898][  0]LogMemory: Memory total: Physical=31.9GB (32GB approx)
[2022.01.10-12.15.10:898][  0]LogMemory: Platform Memory Stats for Windows
[2022.01.10-12.15.10:898][  0]LogMemory: Process Physical Memory: 124.72 MB used, 124.72 MB peak
[2022.01.10-12.15.10:898][  0]LogMemory: Process Virtual Memory: 117.38 MB used, 117.38 MB peak
[2022.01.10-12.15.10:898][  0]LogMemory: Physical Memory: 8056.05 MB used,  24646.24 MB free, 32702.29 MB total
[2022.01.10-12.15.10:898][  0]LogMemory: Virtual Memory: 5215.22 MB used,  134212512.00 MB free, 134217728.00 MB total
[2022.01.10-12.15.10:905][  0]LogWindows: WindowsPlatformFeatures enabled
[2022.01.10-12.15.11:109][  0]LogInit: Physics initialised using underlying interface: PhysX
[2022.01.10-12.15.11:111][  0]LogInit: Using OS detected language (en-GB).
[2022.01.10-12.15.11:111][  0]LogInit: Using OS detected locale (en-GB).
[2022.01.10-12.15.11:116][  0]LogTextLocalizationManager: No specific localization for 'en-GB' exists, so the 'en' localization will be used.
[2022.01.10-12.15.11:351][  0]LogInit: Setting process to per monitor DPI aware
[2022.01.10-12.15.11:419][  0]LogSlate: New Slate User Created.  User Index 0, Is Virtual User: 0
[2022.01.10-12.15.11:419][  0]LogSlate: Slate User Registered.  User Index 0, Is Virtual User: 0
[2022.01.10-12.15.19:859][  0]LogHMD: Failed to initialize OpenVR with code 108
[2022.01.10-12.15.19:859][  0]LogD3D11RHI: D3D11 min allowed feature level: 11_0
[2022.01.10-12.15.19:859][  0]LogD3D11RHI: D3D11 max allowed feature level: 11_0
[2022.01.10-12.15.19:859][  0]LogD3D11RHI: D3D11 adapters:
[2022.01.10-12.15.19:932][  0]LogD3D11RHI:    0. 'NVIDIA GeForce GTX 1060 6GB' (Feature Level 11_0)
[2022.01.10-12.15.19:932][  0]LogD3D11RHI:       6052/0/16351 MB DedicatedVideo/DedicatedSystem/SharedSystem, Outputs:1, VendorId:0x10de
[2022.01.10-12.15.19:935][  0]LogD3D11RHI:    1. 'Microsoft Basic Render Driver' (Feature Level 11_0)
[2022.01.10-12.15.19:935][  0]LogD3D11RHI:       0/0/16351 MB DedicatedVideo/DedicatedSystem/SharedSystem, Outputs:0, VendorId:0x1414
[2022.01.10-12.15.19:935][  0]LogD3D11RHI: Chosen D3D11 Adapter: 0
[2022.01.10-12.15.19:941][  0]LogD3D11RHI: Creating new Direct3DDevice
[2022.01.10-12.15.19:941][  0]LogD3D11RHI:     GPU DeviceId: 0x1c03 (for the marketing name, search the web for "GPU Device Id")
[2022.01.10-12.15.19:941][  0]LogWindows: EnumDisplayDevices:
[2022.01.10-12.15.19:941][  0]LogWindows:    0. 'NVIDIA GeForce GTX 1060 6GB' (P:1 D:1)
[2022.01.10-12.15.19:941][  0]LogWindows:    1. 'NVIDIA GeForce GTX 1060 6GB' (P:0 D:0)
[2022.01.10-12.15.19:942][  0]LogWindows:    2. 'NVIDIA GeForce GTX 1060 6GB' (P:0 D:0)
[2022.01.10-12.15.19:942][  0]LogWindows:    3. 'NVIDIA GeForce GTX 1060 6GB' (P:0 D:0)
[2022.01.10-12.15.19:942][  0]LogWindows: DebugString: FoundDriverCount:4 
[2022.01.10-12.15.19:942][  0]LogD3D11RHI:     Adapter Name: NVIDIA GeForce GTX 1060 6GB
[2022.01.10-12.15.19:942][  0]LogD3D11RHI:   Driver Version: 497.09 (internal:30.0.14.9709, unified:497.09)
[2022.01.10-12.15.19:942][  0]LogD3D11RHI:      Driver Date: 11-26-2021
[2022.01.10-12.15.19:942][  0]LogRHI: Texture pool is 4236 MB (70% of 6052 MB)
[2022.01.10-12.15.19:984][  0]LogD3D11RHI: RHI has support for 64 bit atomics
[2022.01.10-12.15.19:985][  0]LogD3D11RHI: Async texture creation enabled
[2022.01.10-12.15.19:985][  0]LogD3D11RHI: Array index from any shader is supported
[2022.01.10-12.15.19:986][  0]LogD3D11RHI: HDR output is supported on display 0 (NvId: 0x80061081).
[2022.01.10-12.15.20:025][  0]LogD3D11RHI: GPU Timing Frequency: 1000.000000 (Debug: 2 1)
[2022.01.10-12.15.20:305][  0]LogTargetPlatformManager: Display: Loaded TargetPlatform 'AllDesktop'
[2022.01.10-12.15.20:324][  0]LogTargetPlatformManager: Display: Loaded TargetPlatform 'Android'
[2022.01.10-12.15.20:324][  0]LogTargetPlatformManager: Display: Loaded TargetPlatform 'Android_ASTC'
[2022.01.10-12.15.20:324][  0]LogTargetPlatformManager: Display: Loaded TargetPlatform 'Android_DXT'
[2022.01.10-12.15.20:324][  0]LogTargetPlatformManager: Display: Loaded TargetPlatform 'Android_ETC2'
[2022.01.10-12.15.20:324][  0]LogTargetPlatformManager: Display: Loaded TargetPlatform 'AndroidClient'
[2022.01.10-12.15.20:324][  0]LogTargetPlatformManager: Display: Loaded TargetPlatform 'Android_ASTCClient'
[2022.01.10-12.15.20:324][  0]LogTargetPlatformManager: Display: Loaded TargetPlatform 'Android_DXTClient'
[2022.01.10-12.15.20:324][  0]LogTargetPlatformManager: Display: Loaded TargetPlatform 'Android_ETC2Client'
[2022.01.10-12.15.20:324][  0]LogTargetPlatformManager: Display: Loaded TargetPlatform 'Android_Multi'
[2022.01.10-12.15.20:324][  0]LogTargetPlatformManager: Display: Loaded TargetPlatform 'Android_MultiClient'
[2022.01.10-12.15.20:356][  0]LogTargetPlatformManager: Display: Loaded TargetPlatform 'IOSClient'
[2022.01.10-12.15.20:356][  0]LogTargetPlatformManager: Display: Loaded TargetPlatform 'IOS'
[2022.01.10-12.15.20:374][  0]LogTargetPlatformManager: Display: Loaded TargetPlatform 'Linux'
[2022.01.10-12.15.20:383][  0]LogTargetPlatformManager: Display: Loaded TargetPlatform 'LinuxNoEditor'
[2022.01.10-12.15.20:391][  0]LogTargetPlatformManager: Display: Loaded TargetPlatform 'LinuxClient'
[2022.01.10-12.15.20:400][  0]LogTargetPlatformManager: Display: Loaded TargetPlatform 'LinuxServer'
[2022.01.10-12.15.20:407][  0]LogTargetPlatformManager: Display: Loaded TargetPlatform 'LinuxAArch64NoEditor'
[2022.01.10-12.15.20:416][  0]LogTargetPlatformManager: Display: Loaded TargetPlatform 'LinuxAArch64Client'
[2022.01.10-12.15.20:425][  0]LogTargetPlatformManager: Display: Loaded TargetPlatform 'LinuxAArch64Server'
[2022.01.10-12.15.20:451][  0]LogTargetPlatformManager: Display: Loaded TargetPlatform 'Lumin'
[2022.01.10-12.15.20:451][  0]LogTargetPlatformManager: Display: Loaded TargetPlatform 'LuminClient'
[2022.01.10-12.15.20:464][  0]LogTargetPlatformManager: Display: Loaded TargetPlatform 'TVOSClient'
[2022.01.10-12.15.20:464][  0]LogTargetPlatformManager: Display: Loaded TargetPlatform 'TVOS'
[2022.01.10-12.15.20:472][  0]LogTargetPlatformManager: Display: Loaded TargetPlatform 'WindowsNoEditor'
[2022.01.10-12.15.20:481][  0]LogTargetPlatformManager: Display: Loaded TargetPlatform 'Windows'
[2022.01.10-12.15.20:488][  0]LogTargetPlatformManager: Display: Loaded TargetPlatform 'WindowsClient'
[2022.01.10-12.15.20:496][  0]LogTargetPlatformManager: Display: Loaded TargetPlatform 'WindowsServer'
[2022.01.10-12.15.20:496][  0]LogTargetPlatformManager: Display: Building Assets For Windows
[2022.01.10-12.15.20:538][  0]LogAudioDebug: Display: Lib vorbis DLL was dynamically loaded.
[2022.01.10-12.15.20:643][  0]LogShaderCompilers: Guid format shader working directory is -19 characters bigger than the processId version (../../../../Users/Rsand/Pictures/UNI WORJKK/MAIN/Top_Down_2D_Game/Intermediate/Shaders/WorkingDirectory/3488/).
[2022.01.10-12.15.20:643][  0]LogShaderCompilers: Cleaned the shader compiler working directory 'C:/Users/Rsand/AppData/Local/Temp/UnrealShaderWorkingDir/B201605449948D9A60ACAE963E7D722D/'.
[2022.01.10-12.15.20:644][  0]LogXGEController: Cleaning working directory: C:/Users/Rsand/AppData/Local/Temp/UnrealXGEWorkingDir/
[2022.01.10-12.15.20:645][  0]LogXGEController: Cannot use XGE Controller as Incredibuild is not installed on this machine.
[2022.01.10-12.15.20:645][  0]LogShaderCompilers: Cannot use XGE Shader Compiler as Incredibuild is not installed on this machine.
[2022.01.10-12.15.20:645][  0]LogShaderCompilers: Display: Using Local Shader Compiler.
[2022.01.10-12.15.23:511][  0]LogDerivedDataCache: Display: Max Cache Size: 512 MB
[2022.01.10-12.15.23:587][  0]LogDerivedDataCache: Loaded boot cache 0.08s 95MB C:/Users/Rsand/AppData/Local/UnrealEngine/4.25/DerivedDataCache/Boot.ddc.
[2022.01.10-12.15.23:587][  0]LogDerivedDataCache: Display: Loaded Boot cache: C:/Users/Rsand/AppData/Local/UnrealEngine/4.25/DerivedDataCache/Boot.ddc
[2022.01.10-12.15.23:587][  0]LogDerivedDataCache: FDerivedDataBackendGraph:  Pak pak cache file ../../../../Users/Rsand/Pictures/UNI WORJKK/MAIN/Top_Down_2D_Game/DerivedDataCache/DDC.ddp not found, will not use a pak cache.
[2022.01.10-12.15.23:587][  0]LogDerivedDataCache: Unable to find inner node Pak for hierarchical cache Hierarchy.
[2022.01.10-12.15.23:587][  0]LogDerivedDataCache: FDerivedDataBackendGraph:  CompressedPak pak cache file ../../../../Users/Rsand/Pictures/UNI WORJKK/MAIN/Top_Down_2D_Game/DerivedDataCache/Compressed.ddp not found, will not use a pak cache.
[2022.01.10-12.15.23:587][  0]LogDerivedDataCache: Unable to find inner node CompressedPak for hierarchical cache Hierarchy.
[2022.01.10-12.15.23:602][  0]LogDerivedDataCache: Display: Pak cache opened for reading ../../../Engine/DerivedDataCache/Compressed.ddp.
[2022.01.10-12.15.23:603][  0]LogDerivedDataCache: FDerivedDataBackendGraph:  EnterprisePak pak cache file ../../../Enterprise/DerivedDataCache/Compressed.ddp not found, will not use a pak cache.
[2022.01.10-12.15.23:603][  0]LogDerivedDataCache: Unable to find inner node EnterprisePak for hierarchical cache Hierarchy.
[2022.01.10-12.15.23:604][  0]LogDerivedDataCache: Using Local data cache path C:/Users/Rsand/AppData/Local/UnrealEngine/Common/DerivedDataCache: Writable
[2022.01.10-12.15.23:604][  0]LogDerivedDataCache: Shared data cache path not found in *engine.ini, will not use an Shared cache.
[2022.01.10-12.15.23:604][  0]LogDerivedDataCache: Unable to find inner node Shared for hierarchical cache Hierarchy.
[2022.01.10-12.15.23:644][  0]LogSlate: Using FreeType 2.10.0
[2022.01.10-12.15.23:663][  0]LogSlate: SlateFontServices - WITH_FREETYPE: 1, WITH_HARFBUZZ: 1
[2022.01.10-12.15.23:692][  0]LogAssetRegistry: FAssetRegistry took 0.0033 seconds to start up
[2022.01.10-12.15.23:933][  0]LogInit: Selected Device Profile: [Windows]
[2022.01.10-12.15.24:154][  0]LogMeshReduction: Using QuadricMeshReduction for automatic static mesh reduction
[2022.01.10-12.15.24:154][  0]LogMeshReduction: Using SimplygonMeshReduction for automatic skeletal mesh reduction
[2022.01.10-12.15.24:154][  0]LogMeshReduction: Using ProxyLODMeshReduction for automatic mesh merging
[2022.01.10-12.15.24:154][  0]LogMeshReduction: No distributed automatic mesh merging module available
[2022.01.10-12.15.24:154][  0]LogMeshMerging: No distributed automatic mesh merging module available
[2022.01.10-12.15.24:205][  0]LogNetVersion: Top_Down_2D_Game 1.0.0, NetCL: 13144385, EngineNetVer: 14, GameNetVer: 0 (Checksum: 2660664877)
[2022.01.10-12.15.25:284][  0]LogAISub: UAISubsystem::UAISubsystem AISubsystem (000001D2A9EFA980), frame # 0
[2022.01.10-12.15.25:284][  0]LogAISub: UAISubsystem::UAISubsystem AIPerceptionSystem (000001D2A9D72AC0), frame # 0
[2022.01.10-12.15.25:286][  0]LogAISub: UAISubsystem::UAISubsystem EnvQueryManager (000001D2A9DB9E00), frame # 0
[2022.01.10-12.15.25:365][  0]LogPackageLocalizationCache: Processed 22 localized package path(s) for 1 prioritized culture(s) in 0.053630 seconds
[2022.01.10-12.15.25:368][  0]LogUObjectArray: 15917 objects as part of root set at end of initial load.
[2022.01.10-12.15.25:368][  0]LogUObjectAllocator: 3965568 out of 0 bytes used by permanent object pool.
[2022.01.10-12.15.25:369][  0]LogUObjectArray: CloseDisregardForGC: 0/0 objects in disregard for GC pool
[2022.01.10-12.15.26:164][  0]LogTcpMessaging: Initializing TcpMessaging bridge
[2022.01.10-12.15.26:170][  0]LogUdpMessaging: Initializing bridge on interface 0.0.0.0:0 to multicast group 230.0.0.1:6666.
[2022.01.10-12.15.26:304][  0]SourceControl: Source control is disabled
[2022.01.10-12.15.26:305][  0]SourceControl: Source control is disabled
[2022.01.10-12.15.26:308][  0]SourceControl: Source control is disabled
[2022.01.10-12.15.26:313][  0]SourceControl: Source control is disabled
[2022.01.10-12.15.26:323][  0]SourceControl: Source control is disabled
[2022.01.10-12.15.26:860][  0]LogImageWrapper: Warning: PNG Warning: Duplicate iCCP chunk
[2022.01.10-12.15.26:860][  0]LogImageWrapper: Warning: PNG Warning: Duplicate iCCP chunk
[2022.01.10-12.15.26:860][  0]LogAndroidPermission: UAndroidPermissionCallbackProxy::GetInstance
[2022.01.10-12.15.26:886][  0]LogAudioCaptureCore: Display: No Audio Capture implementations found. Audio input will be silent.
[2022.01.10-12.15.26:886][  0]LogAudioCaptureCore: Display: No Audio Capture implementations found. Audio input will be silent.
[2022.01.10-12.15.26:962][  0]LogOcInput: OculusInput pre-init called
[2022.01.10-12.15.27:284][  0]LogImageWrapper: Warning: PNG Warning: Duplicate iCCP chunk
[2022.01.10-12.15.27:284][  0]LogImageWrapper: Warning: PNG Warning: Duplicate iCCP chunk
[2022.01.10-12.15.27:284][  0]LogEngine: Initializing Engine...
[2022.01.10-12.15.27:340][  0]LogHMD: Failed to initialize OpenVR with code 108
[2022.01.10-12.15.27:340][  0]LogMagicLeap: Warning: VR disabled because ZI is not enabled.  To enable, in the editor, Edit -> Project Settings -> Plugins -> Magic Leap Plugin -> Enable Zero Iteration
[2022.01.10-12.15.27:341][  0]LogStats: UGameplayTagsManager::InitializeManager -  0.000 s
[2022.01.10-12.15.27:630][  0]LogInit: Initializing FReadOnlyCVARCache
[2022.01.10-12.15.27:653][  0]LogAIModule: Creating AISystem for world Untitled
[2022.01.10-12.15.27:653][  0]LogAISub: UAISubsystem::UAISubsystem EnvQueryManager (000001D2AD041E00), frame # 0
[2022.01.10-12.15.27:653][  0]LogAISub: UAISubsystem::UAISubsystem AIPerceptionSystem (000001D2AD062200), frame # 0
[2022.01.10-12.15.27:663][  0]LogAudioMixer: Display: Audio Mixer Platform Settings:
[2022.01.10-12.15.27:663][  0]LogAudioMixer: Display: 	Sample Rate:						  48000
[2022.01.10-12.15.27:663][  0]LogAudioMixer: Display: 	Callback Buffer Frame Size Requested: 1024
[2022.01.10-12.15.27:663][  0]LogAudioMixer: Display: 	Callback Buffer Frame Size To Use:	  1024
[2022.01.10-12.15.27:663][  0]LogAudioMixer: Display: 	Number of buffers to queue:			  2
[2022.01.10-12.15.27:663][  0]LogAudioMixer: Display: 	Max Channels (voices):				  32
[2022.01.10-12.15.27:663][  0]LogAudioMixer: Display: 	Number of Async Source Workers:		  0
[2022.01.10-12.15.27:663][  0]LogAudio: Display: AudioDevice MaxSources: 32
[2022.01.10-12.15.27:664][  0]LogAudio: Display: Using built-in audio occlusion.
[2022.01.10-12.15.27:664][  0]LogAudioMixer: Display: Initializing audio mixer.
[2022.01.10-12.15.27:679][  0]LogAudioMixer: Display: 0: FrontLeft
[2022.01.10-12.15.27:679][  0]LogAudioMixer: Display: 1: FrontRight
[2022.01.10-12.15.27:679][  0]LogAudioMixer: Display: 2: FrontCenter
[2022.01.10-12.15.27:679][  0]LogAudioMixer: Display: 3: LowFrequency
[2022.01.10-12.15.27:679][  0]LogAudioMixer: Display: 4: BackLeft
[2022.01.10-12.15.27:679][  0]LogAudioMixer: Display: 5: BackRight
[2022.01.10-12.15.27:679][  0]LogAudioMixer: Display: 6: SideLeft
[2022.01.10-12.15.27:679][  0]LogAudioMixer: Display: 7: SideRight
[2022.01.10-12.15.27:720][  0]LogAudioMixer: Display: Using Audio Device Speakers (THX Spatial Audio)
[2022.01.10-12.15.27:721][  0]LogAudioMixer: Display: Initializing Sound Submixes...
[2022.01.10-12.15.27:745][  0]LogAudioMixer: Display: Creating Master Submix 'MasterSubmixDefault'
[2022.01.10-12.15.27:745][  0]LogAudioMixer: Display: Creating Master Submix 'MasterReverbSubmixDefault'
[2022.01.10-12.15.27:746][  0]LogAudioMixer: Display: Creating Master Submix 'MasterEQSubmixDefault'
[2022.01.10-12.15.27:749][  0]LogInit: FAudioDevice initialized.
[2022.01.10-12.15.27:750][  0]LogNetVersion: Set ProjectVersion to 1.0.0.0. Version Checksum will be recalculated on next use.
[2022.01.10-12.15.27:789][  0]LogDerivedDataCache: Saved boot cache 0.04s 95MB C:/Users/Rsand/AppData/Local/UnrealEngine/4.25/DerivedDataCache/Boot.ddc.
[2022.01.10-12.15.27:789][  0]LogInit: Texture streaming: Enabled
[2022.01.10-12.15.27:830][  0]LogEngineSessionManager: EngineSessionManager initialized
[2022.01.10-12.15.27:830][  0]LogEditorSessionSummary: Verbose: Initializing EditorSessionSummaryWriter for editor session tracking
[2022.01.10-12.15.27:831][  0]LogEditorSessionSummary: EditorSessionSummaryWriter initialized
[2022.01.10-12.15.27:921][  0]LogInit: Transaction tracking system initialized
[2022.01.10-12.15.27:957][  0]BlueprintLog: New page: Editor Load
[2022.01.10-12.15.28:091][  0]LocalizationService: Localization service is disabled
[2022.01.10-12.15.28:525][  0]LogCook: Display: Max memory allowance for cook 16384mb min free memory 0mb
[2022.01.10-12.15.28:525][  0]LogCook: Display: Mobile HDR setting 1
[2022.01.10-12.15.28:743][  0]LogFileCache: Scanning file cache for directory 'C:/Users/Rsand/Pictures/UNI WORJKK/MAIN/Top_Down_2D_Game/Content/' took 0.01s
[2022.01.10-12.15.28:880][  0]LogImageWrapper: Warning: PNG Warning: Duplicate iCCP chunk
[2022.01.10-12.15.28:880][  0]LogImageWrapper: Warning: PNG Warning: Duplicate iCCP chunk
[2022.01.10-12.15.28:937][  0]SourceControl: Source control is disabled
[2022.01.10-12.15.28:937][  0]LogUnrealEdMisc: Loading editor; pre map load, took 22.754
[2022.01.10-12.15.28:938][  0]Cmd: MAP LOAD FILE="../../../../Users/Rsand/Pictures/UNI WORJKK/MAIN/Top_Down_2D_Game/Content/MapFiles/Maps/TheMap.umap" TEMPLATE=0 SHOWPROGRESS=1 FEATURELEVEL=3
[2022.01.10-12.15.28:938][  0]LightingResults: New page: Lighting Build
[2022.01.10-12.15.28:940][  0]LogWorld: UWorld::CleanupWorld for Untitled, bSessionEnded=true, bCleanupResources=true
[2022.01.10-12.15.28:941][  0]LogSlate: InvalidateAllWidgets triggered.  All widgets were invalidated
[2022.01.10-12.15.28:941][  0]MapCheck: New page: Map Check
[2022.01.10-12.15.28:941][  0]LightingResults: New page: Lighting Build
[2022.01.10-12.15.28:951][  0]LogAISub: UAISubsystem::~UAISubsystem EnvQueryManager (000001D2AD041E00), frame # 0
[2022.01.10-12.15.28:951][  0]LogAISub: UAISubsystem::~UAISubsystem AIPerceptionSystem (000001D2AD062200), frame # 0
[2022.01.10-12.15.28:952][  0]LogUObjectHash: Compacting FUObjectHashTables data took   0.65ms
[2022.01.10-12.15.29:859][  0]LogAIModule: Creating AISystem for world TheMap
[2022.01.10-12.15.29:859][  0]LogAISub: UAISubsystem::UAISubsystem EnvQueryManager (000001D29A1A7E00), frame # 0
[2022.01.10-12.15.29:859][  0]LogAISub: UAISubsystem::UAISubsystem AIPerceptionSystem (000001D29A1E2980), frame # 0
[2022.01.10-12.15.29:874][  0]LogMaterial: Display: Material /Game/StarterContent/Materials/M_Rock_Sandstone.M_Rock_Sandstone needed to have new flag set bUsedWithInstancedStaticMeshes !
[2022.01.10-12.15.29:877][  0]LogMaterial: Display: Missing cached shader map for material M_Rock_Sandstone, compiling. 
[2022.01.10-12.15.29:961][  0]MapCheck: Warning: M_Rock_Sandstone Material /Game/StarterContent/Materials/M_Rock_Sandstone.M_Rock_Sandstone was missing the usage flag bUsedWithInstancedStaticMeshes. If the material asset is not re-saved, it may not render correctly when run outside the editor. Fix
[2022.01.10-12.15.29:980][  0]LogShaderCompilers: Display: Worker (1/5): shaders left to compile 47
[2022.01.10-12.15.29:980][  0]LogShaderCompilers: Display: Worker (2/5): shaders left to compile 37
[2022.01.10-12.15.29:980][  0]LogShaderCompilers: Display: Worker (3/5): shaders left to compile 27
[2022.01.10-12.15.29:980][  0]LogShaderCompilers: Display: Worker (4/5): shaders left to compile 17
[2022.01.10-12.15.29:980][  0]LogShaderCompilers: Display: Worker (5/5): shaders left to compile 7
[2022.01.10-12.15.29:980][  0]LogEditorServer: Finished looking for orphan Actors (0.000 secs)
[2022.01.10-12.15.29:997][  0]LogUObjectHash: Compacting FUObjectHashTables data took   0.80ms
[2022.01.10-12.15.29:997][  0]Cmd: MAP CHECKDEP NOCLEARLOG
[2022.01.10-12.15.29:998][  0]MapCheck: Map check complete: 0 Error(s), 1 Warning(s), took 0.241ms to complete.
[2022.01.10-12.15.30:007][  0]LogFileHelpers: Loading map 'TheMap' took 1.069
[2022.01.10-12.15.30:027][  0]LogUnrealEdMisc: Total Editor Startup Time, took 23.843
[2022.01.10-12.15.30:146][  0]LogSlate: Updating window title bar state: overlay mode, drag disabled, window buttons hidden, title bar hidden
[2022.01.10-12.15.30:154][  0]LogSlate: Updating window title bar state: overlay mode, drag disabled, window buttons hidden, title bar hidden
[2022.01.10-12.15.30:160][  0]LogSlate: Updating window title bar state: overlay mode, drag disabled, window buttons hidden, title bar hidden
[2022.01.10-12.15.30:166][  0]LogSlate: Updating window title bar state: overlay mode, drag disabled, window buttons hidden, title bar hidden
[2022.01.10-12.15.30:182][  0]LogCollectionManager: Loaded 0 collections in 0.001735 seconds
[2022.01.10-12.15.30:213][  0]LogFileCache: Scanning file cache for directory 'C:/Users/Rsand/Pictures/UNI WORJKK/MAIN/Top_Down_2D_Game/Saved/Collections/' took 0.00s
[2022.01.10-12.15.30:213][  0]LogFileCache: Scanning file cache for directory 'C:/Users/Rsand/Pictures/UNI WORJKK/MAIN/Top_Down_2D_Game/Content/Developers/Rhys/Collections/' took 0.00s
[2022.01.10-12.15.30:213][  0]LogFileCache: Scanning file cache for directory 'C:/Users/Rsand/Pictures/UNI WORJKK/MAIN/Top_Down_2D_Game/Content/Collections/' took 0.00s
[2022.01.10-12.15.30:213][  0]LogContentBrowser: Native class hierarchy populated in 0.0079 seconds. Added 3582 classes and 855 folders.
[2022.01.10-12.15.30:220][  0]LogContentBrowser: Native class hierarchy updated for 'WidgetCarousel' in 0.0003 seconds. Added 0 classes and 0 folders.
[2022.01.10-12.15.30:735][  0]LogContentBrowser: Native class hierarchy updated for 'AddContentDialog' in 0.0003 seconds. Added 0 classes and 0 folders.
[2022.01.10-12.15.30:740][  0]LogContentBrowser: Native class hierarchy updated for 'SceneOutliner' in 0.0005 seconds. Added 2 classes and 0 folders.
[2022.01.10-12.15.30:812][  0]LogContentBrowser: Native class hierarchy updated for 'HierarchicalLODOutliner' in 0.0002 seconds. Added 0 classes and 0 folders.
[2022.01.10-12.15.30:812][  0]LogLoad: (Engine Initialization) Total time: 24.63 seconds
[2022.01.10-12.15.30:812][  0]LogLoad: (Engine Initialization) Total Blueprint compile time: 0.00 seconds
[2022.01.10-12.15.30:855][  0]LogAssetRegistry: Asset discovery search completed in 7.1650 seconds
[2022.01.10-12.15.30:859][  0]LogCollectionManager: Fixed up redirectors for 0 collections in 0.000003 seconds (updated 0 objects)
[2022.01.10-12.15.30:860][  0]LogContentStreaming: Texture pool size now 1000 MB
[2022.01.10-12.15.30:876][  0]LogSlate: Took 0.008123 seconds to synchronously load lazily loaded font '../../../Engine/Content/Slate/Fonts/Roboto-Regular.ttf' (155K)
[2022.01.10-12.15.30:888][  0]LogSlate: Took 0.011186 seconds to synchronously load lazily loaded font '../../../Engine/Content/Slate/Fonts/Roboto-Bold.ttf' (160K)
[2022.01.10-12.15.30:918][  0]LogSlate: Took 0.023714 seconds to synchronously load lazily loaded font '../../../Engine/Content/Editor/Slate/Fonts/FontAwesome.ttf' (139K)
[2022.01.10-12.15.31:095][  0]LogRenderer: Reallocating scene render targets to support 824x504 Format 10 NumSamples 1 (Frame:1).
[2022.01.10-12.15.43:905][137]LogTemp: Repeating last play command: Selected Viewport
[2022.01.10-12.15.43:917][137]LogPlayLevel: PlayLevel: No blueprints needed recompiling
[2022.01.10-12.15.43:923][137]PIE: New page: PIE session: TheMap (10 Jan 2022, 12:15:43)
[2022.01.10-12.15.43:924][137]LogOnline: OSS: Creating online subsystem instance for: NULL
[2022.01.10-12.15.43:926][137]LogOnline: OSS: TryLoadSubsystemAndSetDefault: Loaded subsystem for module [NULL]
[2022.01.10-12.15.43:926][137]LogPlayLevel: Creating play world package: /Game/MapFiles/Maps/UEDPIE_0_TheMap
[2022.01.10-12.15.43:978][137]LogPlayLevel: PIE: StaticDuplicateObject took: (0.052357s)
[2022.01.10-12.15.43:979][137]LogAIModule: Creating AISystem for world TheMap
[2022.01.10-12.15.43:979][137]LogAISub: UAISubsystem::UAISubsystem EnvQueryManager (000001D2C6CFA600), frame # 1137
[2022.01.10-12.15.43:979][137]LogAISub: UAISubsystem::UAISubsystem AIPerceptionSystem (000001D29E8FAE80), frame # 1137
[2022.01.10-12.15.43:980][137]LogPlayLevel: PIE: World Init took: (0.001339s)
[2022.01.10-12.15.43:980][137]LogPlayLevel: PIE: Created PIE world by copying editor world from /Game/MapFiles/Maps/TheMap.TheMap to /Game/MapFiles/Maps/UEDPIE_0_TheMap.TheMap (0.054059s)
[2022.01.10-12.15.43:990][137]LogUObjectHash: Compacting FUObjectHashTables data took   0.95ms
[2022.01.10-12.15.43:992][137]LogAudioMixer: Display: Audio Mixer Platform Settings:
[2022.01.10-12.15.43:992][137]LogAudioMixer: Display: 	Sample Rate:						  48000
[2022.01.10-12.15.43:992][137]LogAudioMixer: Display: 	Callback Buffer Frame Size Requested: 1024
[2022.01.10-12.15.43:992][137]LogAudioMixer: Display: 	Callback Buffer Frame Size To Use:	  1024
[2022.01.10-12.15.43:992][137]LogAudioMixer: Display: 	Number of buffers to queue:			  2
[2022.01.10-12.15.43:992][137]LogAudioMixer: Display: 	Max Channels (voices):				  32
[2022.01.10-12.15.43:992][137]LogAudioMixer: Display: 	Number of Async Source Workers:		  0
[2022.01.10-12.15.43:992][137]LogAudio: Display: AudioDevice MaxSources: 32
[2022.01.10-12.15.43:993][137]LogAudio: Display: Using built-in audio occlusion.
[2022.01.10-12.15.43:993][137]LogAudioMixer: Display: Initializing audio mixer.
[2022.01.10-12.15.43:996][137]LogAudioMixer: Display: 0: FrontLeft
[2022.01.10-12.15.43:996][137]LogAudioMixer: Display: 1: FrontRight
[2022.01.10-12.15.43:996][137]LogAudioMixer: Display: 2: FrontCenter
[2022.01.10-12.15.43:996][137]LogAudioMixer: Display: 3: LowFrequency
[2022.01.10-12.15.43:996][137]LogAudioMixer: Display: 4: BackLeft
[2022.01.10-12.15.43:996][137]LogAudioMixer: Display: 5: BackRight
[2022.01.10-12.15.43:996][137]LogAudioMixer: Display: 6: SideLeft
[2022.01.10-12.15.43:996][137]LogAudioMixer: Display: 7: SideRight
[2022.01.10-12.15.44:006][137]LogAudioMixer: Display: Using Audio Device Speakers (THX Spatial Audio)
[2022.01.10-12.15.44:007][137]LogAudioMixer: Display: Initializing Sound Submixes...
[2022.01.10-12.15.44:007][137]LogAudioMixer: Display: Creating Master Submix 'MasterSubmixDefault'
[2022.01.10-12.15.44:007][137]LogAudioMixer: Display: Creating Master Submix 'MasterReverbSubmixDefault'
[2022.01.10-12.15.44:007][137]LogAudioMixer: Display: Creating Master Submix 'MasterEQSubmixDefault'
[2022.01.10-12.15.44:021][137]LogInit: FAudioDevice initialized.
[2022.01.10-12.15.44:027][137]LogLoad: Game class is 'TopDownGameMode_C'
[2022.01.10-12.15.44:031][137]LogWorld: Bringing World /Game/MapFiles/Maps/UEDPIE_0_TheMap.TheMap up for play (max tick rate 0) at 2022.01.10-12.15.44
[2022.01.10-12.15.44:031][137]LogWorld: Bringing up level for play took: 0.002805
[2022.01.10-12.15.44:031][137]LogOnline: OSS: Creating online subsystem instance for: :Context_2
[2022.01.10-12.15.44:038][137]LogContentBrowser: Native class hierarchy updated for 'MovieSceneCapture' in 0.0003 seconds. Added 20 classes and 0 folders.
[2022.01.10-12.15.44:044][137]PIE: Server logged in
[2022.01.10-12.15.44:046][137]PIE: Play in editor total start time 0.13 seconds.
[2022.01.10-12.15.52:522][140]LogSlate: Updating window title bar state: overlay mode, drag disabled, window buttons hidden, title bar hidden
[2022.01.10-12.15.52:522][140]LogWorld: BeginTearingDown for /Game/MapFiles/Maps/UEDPIE_0_TheMap
[2022.01.10-12.15.52:522][140]LogWorld: UWorld::CleanupWorld for TheMap, bSessionEnded=true, bCleanupResources=true
[2022.01.10-12.15.52:523][140]LogSlate: InvalidateAllWidgets triggered.  All widgets were invalidated
[2022.01.10-12.15.52:537][140]LogPlayLevel: Display: Shutting down PIE online subsystems
[2022.01.10-12.15.52:539][140]LogSlate: InvalidateAllWidgets triggered.  All widgets were invalidated
[2022.01.10-12.15.52:573][140]LogSlate: Updating window title bar state: overlay mode, drag disabled, window buttons hidden, title bar hidden
[2022.01.10-12.15.52:574][140]LogAISub: UAISubsystem::~UAISubsystem AIPerceptionSystem (000001D29E8FAE80), frame # 2140
[2022.01.10-12.15.52:574][140]LogAISub: UAISubsystem::~UAISubsystem EnvQueryManager (000001D2C6CFA600), frame # 2140
[2022.01.10-12.15.52:575][140]LogUObjectHash: Compacting FUObjectHashTables data took   0.55ms
[2022.01.10-12.15.52:603][141]LogPlayLevel: Display: Destroying online subsystem :Context_2
[2022.01.10-12.25.30:837][459]LogSlate: Took 0.005487 seconds to synchronously load lazily loaded font '../../../Engine/Content/Slate/Fonts/Roboto-Light.ttf' (167K)
[2022.01.10-16.06.31:310][106]LogHttp: Warning: 000001D2C95CD600: invalid HTTP response code received. URL: https://datarouter.ol.epicgames.com/datarouter/api/v1/public/data?SessionID=%7B01787443-42C4-9DFD-E083-C3887D2584E9%7D&AppID=UEEditor.Rocket.Release&AppVersion=4.25.4-14469661%2B%2B%2BUE4%2BRelease-4.25&UserID=7da7b305409cd5b774053999359c4ac8%7Cb0c923ed707644759ae0092336f62c66%7C343086ba-44e5-43ea-affb-9f1ae2066fe4&AppEnvironment=datacollector-source&UploadType=eteventstream, HTTP code: 0, content length: 0, actual payload size: 0
[2022.01.10-16.06.31:311][106]LogHttp: Warning: 000001D2C95CD600: request failed, libcurl error: 0 (No error)
[2022.01.10-16.06.31:311][106]LogHttp: Warning: 000001D2C95CD600: libcurl info message cache 0 (Found bundle for host datarouter.ol.epicgames.com: 0x1d2ec8a3f70 [can pipeline])
[2022.01.10-16.06.31:311][106]LogHttp: Warning: 000001D2C95CD600: libcurl info message cache 1 (Re-using existing connection! (#95) with host datarouter.ol.epicgames.com)
[2022.01.10-16.06.31:311][106]LogHttp: Warning: 000001D2C95CD600: libcurl info message cache 2 (Connected to datarouter.ol.epicgames.com (52.86.80.10) port 443 (#95))
[2022.01.10-16.06.31:311][106]LogHttp: Warning: 000001D2C95CD600: libcurl info message cache 3 (We are completely uploaded and fine)
[2022.01.10-16.06.31:311][106]LogHttp: Warning: 000001D2C95CD600: libcurl info message cache 4 (Connection died, retrying a fresh connect)
[2022.01.10-16.06.31:311][106]LogHttp: Warning: 000001D2C95CD600: libcurl info message cache 5 (necessary data rewind wasn't possible)
[2022.01.10-16.06.31:311][106]LogHttp: Warning: 000001D2C95CD600: libcurl info message cache 6 (Closing connection 95)
[2022.01.10-16.06.31:311][106]LogHttp: Warning: 000001D2C95CD600: libcurl info message cache 7 (TLSv1.2 (OUT), TLS alert, Client hello (1):)
[2022.01.10-16.06.31:311][106]LogHttp: Warning: Retry exhausted on https://datarouter.ol.epicgames.com/datarouter/api/v1/public/data?SessionID=%7B01787443-42C4-9DFD-E083-C3887D2584E9%7D&AppID=UEEditor.Rocket.Release&AppVersion=4.25.4-14469661%2B%2B%2BUE4%2BRelease-4.25&UserID=7da7b305409cd5b774053999359c4ac8%7Cb0c923ed707644759ae0092336f62c66%7C343086ba-44e5-43ea-affb-9f1ae2066fe4&AppEnvironment=datacollector-source&UploadType=eteventstream
[2022.01.10-22.26.31:253][ 82]LogHttp: Warning: 000001D299FB5600: invalid HTTP response code received. URL: https://datarouter.ol.epicgames.com/datarouter/api/v1/public/data?SessionID=%7B01787443-42C4-9DFD-E083-C3887D2584E9%7D&AppID=UEEditor.Rocket.Release&AppVersion=4.25.4-14469661%2B%2B%2BUE4%2BRelease-4.25&UserID=7da7b305409cd5b774053999359c4ac8%7Cb0c923ed707644759ae0092336f62c66%7C343086ba-44e5-43ea-affb-9f1ae2066fe4&AppEnvironment=datacollector-source&UploadType=eteventstream, HTTP code: 0, content length: 0, actual payload size: 0
[2022.01.10-22.26.31:254][ 82]LogHttp: Warning: 000001D299FB5600: request failed, libcurl error: 0 (No error)
[2022.01.10-22.26.31:254][ 82]LogHttp: Warning: 000001D299FB5600: libcurl info message cache 0 (Found bundle for host datarouter.ol.epicgames.com: 0x1d2ec8a3f70 [can pipeline])
[2022.01.10-22.26.31:254][ 82]LogHttp: Warning: 000001D299FB5600: libcurl info message cache 1 (Re-using existing connection! (#256) with host datarouter.ol.epicgames.com)
[2022.01.10-22.26.31:254][ 82]LogHttp: Warning: 000001D299FB5600: libcurl info message cache 2 (Connected to datarouter.ol.epicgames.com (52.22.37.10) port 443 (#256))
[2022.01.10-22.26.31:254][ 82]LogHttp: Warning: 000001D299FB5600: libcurl info message cache 3 (We are completely uploaded and fine)
[2022.01.10-22.26.31:254][ 82]LogHttp: Warning: 000001D299FB5600: libcurl info message cache 4 (Connection died, retrying a fresh connect)
[2022.01.10-22.26.31:254][ 82]LogHttp: Warning: 000001D299FB5600: libcurl info message cache 5 (necessary data rewind wasn't possible)
[2022.01.10-22.26.31:254][ 82]LogHttp: Warning: 000001D299FB5600: libcurl info message cache 6 (Closing connection 256)
[2022.01.10-22.26.31:254][ 82]LogHttp: Warning: 000001D299FB5600: libcurl info message cache 7 (TLSv1.2 (OUT), TLS alert, Client hello (1):)
[2022.01.10-22.26.31:254][ 82]LogHttp: Warning: Retry exhausted on https://datarouter.ol.epicgames.com/datarouter/api/v1/public/data?SessionID=%7B01787443-42C4-9DFD-E083-C3887D2584E9%7D&AppID=UEEditor.Rocket.Release&AppVersion=4.25.4-14469661%2B%2B%2BUE4%2BRelease-4.25&UserID=7da7b305409cd5b774053999359c4ac8%7Cb0c923ed707644759ae0092336f62c66%7C343086ba-44e5-43ea-affb-9f1ae2066fe4&AppEnvironment=datacollector-source&UploadType=eteventstream
[2022.01.10-22.49.31:279][201]LogHttp: Warning: 000001D299FB5600: invalid HTTP response code received. URL: https://datarouter.ol.epicgames.com/datarouter/api/v1/public/data?SessionID=%7B01787443-42C4-9DFD-E083-C3887D2584E9%7D&AppID=UEEditor.Rocket.Release&AppVersion=4.25.4-14469661%2B%2B%2BUE4%2BRelease-4.25&UserID=7da7b305409cd5b774053999359c4ac8%7Cb0c923ed707644759ae0092336f62c66%7C343086ba-44e5-43ea-affb-9f1ae2066fe4&AppEnvironment=datacollector-source&UploadType=eteventstream, HTTP code: 0, content length: 0, actual payload size: 0
[2022.01.10-22.49.31:279][201]LogHttp: Warning: 000001D299FB5600: request failed, libcurl error: 0 (No error)
[2022.01.10-22.49.31:279][201]LogHttp: Warning: 000001D299FB5600: libcurl info message cache 0 (Found bundle for host datarouter.ol.epicgames.com: 0x1d2ec8a3f70 [can pipeline])
[2022.01.10-22.49.31:279][201]LogHttp: Warning: 000001D299FB5600: libcurl info message cache 1 (Re-using existing connection! (#266) with host datarouter.ol.epicgames.com)
[2022.01.10-22.49.31:279][201]LogHttp: Warning: 000001D299FB5600: libcurl info message cache 2 (Connected to datarouter.ol.epicgames.com (34.230.212.76) port 443 (#266))
[2022.01.10-22.49.31:279][201]LogHttp: Warning: 000001D299FB5600: libcurl info message cache 3 (We are completely uploaded and fine)
[2022.01.10-22.49.31:279][201]LogHttp: Warning: 000001D299FB5600: libcurl info message cache 4 (Connection died, retrying a fresh connect)
[2022.01.10-22.49.31:279][201]LogHttp: Warning: 000001D299FB5600: libcurl info message cache 5 (necessary data rewind wasn't possible)
[2022.01.10-22.49.31:279][201]LogHttp: Warning: 000001D299FB5600: libcurl info message cache 6 (Closing connection 266)
[2022.01.10-22.49.31:279][201]LogHttp: Warning: 000001D299FB5600: libcurl info message cache 7 (TLSv1.2 (OUT), TLS alert, Client hello (1):)
[2022.01.10-22.49.31:613][202]LogHttp: Warning: Retry exhausted on https://datarouter.ol.epicgames.com/datarouter/api/v1/public/data?SessionID=%7B01787443-42C4-9DFD-E083-C3887D2584E9%7D&AppID=UEEditor.Rocket.Release&AppVersion=4.25.4-14469661%2B%2B%2BUE4%2BRelease-4.25&UserID=7da7b305409cd5b774053999359c4ac8%7Cb0c923ed707644759ae0092336f62c66%7C343086ba-44e5-43ea-affb-9f1ae2066fe4&AppEnvironment=datacollector-source&UploadType=eteventstream
[2022.01.10-22.52.58:464][819]LogAudioMixer: Display: Audio Buffer Underrun detected.
[2022.01.10-22.54.36:679][111]LogAudioMixer: Display: Audio Buffer Underrun detected.
[2022.01.10-22.56.11:482][393]LogAudioMixer: Display: Audio Buffer Underrun detected.
[2022.01.10-22.57.52:651][694]LogAudioMixer: Display: Audio Buffer Underrun detected.
[2022.01.10-23.00.29:191][160]LogAudioMixer: Display: Audio Buffer Underrun detected.
[2022.01.10-23.00.39:251][190]LogAudioMixer: Display: Audio Buffer Underrun detected.
[2022.01.10-23.08.27:108][583]LogAudioMixer: Display: Audio Buffer Underrun detected.
[2022.01.10-23.12.31:297][311]LogHttp: Warning: 000001D299FB5600: invalid HTTP response code received. URL: https://datarouter.ol.epicgames.com/datarouter/api/v1/public/data?SessionID=%7B01787443-42C4-9DFD-E083-C3887D2584E9%7D&AppID=UEEditor.Rocket.Release&AppVersion=4.25.4-14469661%2B%2B%2BUE4%2BRelease-4.25&UserID=7da7b305409cd5b774053999359c4ac8%7Cb0c923ed707644759ae0092336f62c66%7C343086ba-44e5-43ea-affb-9f1ae2066fe4&AppEnvironment=datacollector-source&UploadType=eteventstream, HTTP code: 0, content length: 0, actual payload size: 0
[2022.01.10-23.12.31:297][311]LogHttp: Warning: 000001D299FB5600: request failed, libcurl error: 56 (Failure when receiving data from the peer)
[2022.01.10-23.12.31:297][311]LogHttp: Warning: 000001D299FB5600: libcurl info message cache 0 (Found bundle for host datarouter.ol.epicgames.com: 0x1d2ec8a3f70 [can pipeline])
[2022.01.10-23.12.31:297][311]LogHttp: Warning: 000001D299FB5600: libcurl info message cache 1 (Re-using existing connection! (#275) with host datarouter.ol.epicgames.com)
[2022.01.10-23.12.31:297][311]LogHttp: Warning: 000001D299FB5600: libcurl info message cache 2 (Connected to datarouter.ol.epicgames.com (52.207.186.254) port 443 (#275))
[2022.01.10-23.12.31:297][311]LogHttp: Warning: 000001D299FB5600: libcurl info message cache 3 (We are completely uploaded and fine)
[2022.01.10-23.12.31:297][311]LogHttp: Warning: 000001D299FB5600: libcurl info message cache 4 (OpenSSL SSL_read: SSL_ERROR_SYSCALL, errno 10054)
[2022.01.10-23.12.31:298][311]LogHttp: Warning: 000001D299FB5600: libcurl info message cache 5 (Connection died, retrying a fresh connect)
[2022.01.10-23.12.31:298][311]LogHttp: Warning: 000001D299FB5600: libcurl info message cache 6 (necessary data rewind wasn't possible)
[2022.01.10-23.12.31:298][311]LogHttp: Warning: 000001D299FB5600: libcurl info message cache 7 (Closing connection 275)
[2022.01.10-23.12.31:630][312]LogHttp: Warning: Retry exhausted on https://datarouter.ol.epicgames.com/datarouter/api/v1/public/data?SessionID=%7B01787443-42C4-9DFD-E083-C3887D2584E9%7D&AppID=UEEditor.Rocket.Release&AppVersion=4.25.4-14469661%2B%2B%2BUE4%2BRelease-4.25&UserID=7da7b305409cd5b774053999359c4ac8%7Cb0c923ed707644759ae0092336f62c66%7C343086ba-44e5-43ea-affb-9f1ae2066fe4&AppEnvironment=datacollector-source&UploadType=eteventstream
[2022.01.10-23.17.19:408][170]LogUdpMessaging: Warning: UDP messaging encountered an error. Auto repair routine started for reinitialization
