Log file open, 01/02/22 17:41:46
LogInit: Display: Running engine for game: Top_Down_2D_Game
LogPlatformFile: Not using cached read wrapper
LogTaskGraph: Started task graph with 5 named threads and 35 total threads with 3 sets of task threads.
LogStats: Stats thread started at 0.264404
LogD3D11RHI: Loaded GFSDK_Aftermath_Lib.x64.dll
LogICUInternationalization: ICU TimeZone Detection - Raw Offset: +0:00, Platform Override: ''
LogPluginManager: Mounting plugin Paper2D
LogPluginManager: Mounting plugin AISupport
LogPluginManager: Mounting plugin LightPropagationVolume
LogPluginManager: Mounting plugin CameraShakePreviewer
LogPluginManager: Mounting plugin ActorLayerUtilities
LogPluginManager: Mounting plugin AnimationSharing
LogPluginManager: Mounting plugin CLionSourceCodeAccess
LogPluginManager: Mounting plugin CodeLiteSourceCodeAccess
LogPluginManager: Mounting plugin GitSourceControl
LogPluginManager: Mounting plugin KDevelopSourceCodeAccess
LogPluginManager: Mounting plugin NullSourceCodeAccess
LogPluginManager: Mounting plugin PerforceSourceControl
LogPluginManager: Mounting plugin PlasticSourceControl
LogPluginManager: Mounting plugin RiderSourceCodeAccess
LogPluginManager: Mounting plugin SubversionSourceControl
LogPluginManager: Mounting plugin UObjectPlugin
LogPluginManager: Mounting plugin VisualStudioCodeSourceCodeAccess
LogPluginManager: Mounting plugin VisualStudioSourceCodeAccess
LogPluginManager: Mounting plugin XCodeSourceCodeAccess
LogPluginManager: Mounting plugin AssetManagerEditor
LogPluginManager: Mounting plugin CryptoKeys
LogPluginManager: Mounting plugin CurveEditorTools
LogPluginManager: Mounting plugin DataValidation
LogPluginManager: Mounting plugin EditorScriptingUtilities
LogPluginManager: Mounting plugin FacialAnimation
LogPluginManager: Mounting plugin GameplayTagsEditor
LogPluginManager: Mounting plugin GeometryMode
LogPluginManager: Mounting plugin MacGraphicsSwitching
LogPluginManager: Mounting plugin MaterialAnalyzer
LogPluginManager: Mounting plugin MeshEditor
LogPluginManager: Mounting plugin MobileLauncherProfileWizard
LogPluginManager: Mounting plugin PluginBrowser
LogPluginManager: Mounting plugin SpeedTreeImporter
LogPluginManager: Mounting plugin DataprepEditor
LogPluginManager: Mounting plugin DatasmithContent
LogPluginManager: Mounting plugin StaticMeshEditorExtension
LogPluginManager: Mounting plugin VariantManagerContent
LogPluginManager: Mounting plugin AlembicImporter
LogPluginManager: Mounting plugin AutomationUtils
LogPluginManager: Mounting plugin BackChannel
LogPluginManager: Mounting plugin BlastPlugin
LogPluginManager: Mounting plugin ChaosCloth
LogPluginManager: Mounting plugin ChaosClothEditor
LogPluginManager: Mounting plugin ChaosEditor
LogPluginManager: Mounting plugin ChaosNiagara
LogPluginManager: Mounting plugin ChaosSolverPlugin
LogPluginManager: Mounting plugin CharacterAI
LogPluginManager: Mounting plugin GeometryCache
LogPluginManager: Mounting plugin GeometryCollectionPlugin
LogPluginManager: Mounting plugin GeometryProcessing
LogPluginManager: Mounting plugin PlanarCut
LogPluginManager: Mounting plugin PlatformCrypto
LogPluginManager: Mounting plugin ProxyLODPlugin
LogPluginManager: Mounting plugin SkeletalReduction
LogPluginManager: Mounting plugin Niagara
LogPluginManager: Mounting plugin MagicLeap
LogPluginManager: Mounting plugin MagicLeapLightEstimation
LogPluginManager: Mounting plugin MagicLeapMedia
LogPluginManager: Mounting plugin MagicLeapPassableWorld
LogPluginManager: Mounting plugin MLSDK
LogPluginManager: Mounting plugin AndroidMedia
LogPluginManager: Mounting plugin AvfMedia
LogPluginManager: Mounting plugin ImgMedia
LogPluginManager: Mounting plugin MediaCompositing
LogPluginManager: Mounting plugin MediaPlayerEditor
LogPluginManager: Mounting plugin WebMMedia
LogPluginManager: Mounting plugin WmfMedia
LogPluginManager: Mounting plugin MeshPainting
LogPluginManager: Mounting plugin TcpMessaging
LogPluginManager: Mounting plugin UdpMessaging
LogPluginManager: Mounting plugin ActorSequence
LogPluginManager: Mounting plugin LevelSequenceEditor
LogPluginManager: Mounting plugin MatineeToLevelSequence
LogPluginManager: Mounting plugin MovieRenderPipeline
LogPluginManager: Mounting plugin TemplateSequence
LogPluginManager: Mounting plugin NetcodeUnitTest
LogPluginManager: Mounting plugin NUTUnrealEngine4
LogPluginManager: Mounting plugin OnlineSubsystemGooglePlay
LogPluginManager: Mounting plugin OnlineSubsystemIOS
LogPluginManager: Mounting plugin OnlineSubsystem
LogPluginManager: Mounting plugin OnlineSubsystemNull
LogPluginManager: Mounting plugin OnlineSubsystemUtils
LogPluginManager: Mounting plugin LauncherChunkInstaller
LogPluginManager: Mounting plugin AndroidDeviceProfileSelector
LogPluginManager: Mounting plugin AndroidMoviePlayer
LogPluginManager: Mounting plugin AndroidPermission
LogPluginManager: Mounting plugin AppleImageUtils
LogPluginManager: Mounting plugin AppleMoviePlayer
LogPluginManager: Mounting plugin ArchVisCharacter
LogPluginManager: Mounting plugin AssetTags
LogPluginManager: Mounting plugin AudioCapture
LogPluginManager: Mounting plugin CableComponent
LogPluginManager: Mounting plugin CustomMeshComponent
LogPluginManager: Mounting plugin EditableMesh
LogPluginManager: Mounting plugin ExampleDeviceProfileSelector
LogPluginManager: Mounting plugin GoogleCloudMessaging
LogPluginManager: Mounting plugin GooglePAD
LogPluginManager: Mounting plugin IOSDeviceProfileSelector
LogPluginManager: Mounting plugin LinuxDeviceProfileSelector
LogPluginManager: Mounting plugin LocationServicesBPLibrary
LogPluginManager: Mounting plugin MobilePatchingUtils
LogPluginManager: Mounting plugin OculusVR
LogPluginManager: Mounting plugin PhysXVehicles
LogPluginManager: Mounting plugin PostSplashScreen
LogPluginManager: Mounting plugin ProceduralMeshComponent
LogPluginManager: Mounting plugin RuntimePhysXCooking
LogPluginManager: Mounting plugin SignificanceManager
LogPluginManager: Mounting plugin SoundFields
LogPluginManager: Mounting plugin SteamVR
LogPluginManager: Mounting plugin Synthesis
LogPluginManager: Mounting plugin WebMMoviePlayer
LogPluginManager: Mounting plugin WindowsMoviePlayer
LogPluginManager: Mounting plugin ScreenshotTools
LogInit: Using libcurl 7.55.1-DEV
LogInit:  - built for x86_64-pc-win32
LogInit:  - supports SSL with OpenSSL/1.1.1
LogInit:  - supports HTTP deflate (compression) using libz 1.2.8
LogInit:  - other features:
LogInit:      CURL_VERSION_SSL
LogInit:      CURL_VERSION_LIBZ
LogInit:      CURL_VERSION_IPV6
LogInit:      CURL_VERSION_ASYNCHDNS
LogInit:      CURL_VERSION_LARGEFILE
LogInit:      CURL_VERSION_IDN
LogInit:  CurlRequestOptions (configurable via config and command line):
LogInit:  - bVerifyPeer = true  - Libcurl will verify peer certificate
LogInit:  - bUseHttpProxy = false  - Libcurl will NOT use HTTP proxy
LogInit:  - bDontReuseConnections = false  - Libcurl will reuse connections
LogInit:  - MaxHostConnections = 16  - Libcurl will limit the number of connections to a host
LogInit:  - LocalHostAddr = Default
LogInit:  - BufferSize = 65536
LogOnline: OSS: Creating online subsystem instance for: NULL
LogInit: WinSock: version 1.1 (2.2), MaxSocks=32767, MaxUdp=65467
LogOnline: OSS: TryLoadSubsystemAndSetDefault: Loaded subsystem for module [NULL]
LogInit: Build: ++UE4+Release-4.25-CL-14469661
LogInit: Engine Version: 4.25.4-14469661+++UE4+Release-4.25
LogInit: Compatible Engine Version: 4.25.0-13144385+++UE4+Release-4.25
LogInit: Net CL: 13144385
LogInit: OS: Windows 10 (Release 2009) (), CPU: Intel(R) Core(TM) i7-8750H CPU @ 2.20GHz, GPU: Intel(R) UHD Graphics 630
LogInit: Compiled (64-bit): Oct 11 2020 08:10:49
LogInit: Compiled with Visual C++: 19.24.28315.00
LogInit: Build Configuration: Development
LogInit: Branch Name: ++UE4+Release-4.25
LogInit: Command Line:  /Game/MapFiles/Maps/TheMap -game -PIEVIACONSOLE -Multiprocess GameUserSettingsINI=D:/MyGameProjects/2122-yr1-team-omegalulv2/Top_Down_2D_Game/Saved/Config/Windows/PIEGameUserSettings0.ini -MultiprocessSaveConfig -MultiprocessOSS -messaging -SessionName="Play in Standalone Game" -windowed -ResX=1280 -ResY=720
LogInit: Base Directory: C:/Program Files/Epic Games/UE_4.25/Engine/Binaries/Win64/
LogInit: Allocator: TBB
LogInit: Installed Engine Build: 1
LogDevObjectVersion: Number of dev versions registered: 26
LogDevObjectVersion:   Dev-Blueprints (B0D832E4-1F89-4F0D-ACCF-7EB736FD4AA2): 10
LogDevObjectVersion:   Dev-Build (E1C64328-A22C-4D53-A36C-8E866417BD8C): 0
LogDevObjectVersion:   Dev-Core (375EC13C-06E4-48FB-B500-84F0262A717E): 4
LogDevObjectVersion:   Dev-Editor (E4B068ED-F494-42E9-A231-DA0B2E46BB41): 38
LogDevObjectVersion:   Dev-Framework (CFFC743F-43B0-4480-9391-14DF171D2073): 37
LogDevObjectVersion:   Dev-Mobile (B02B49B5-BB20-44E9-A304-32B752E40360): 2
LogDevObjectVersion:   Dev-Networking (A4E4105C-59A1-49B5-A7C5-40C4547EDFEE): 0
LogDevObjectVersion:   Dev-Online (39C831C9-5AE6-47DC-9A44-9C173E1C8E7C): 0
LogDevObjectVersion:   Dev-Physics (78F01B33-EBEA-4F98-B9B4-84EACCB95AA2): 4
LogDevObjectVersion:   Dev-Platform (6631380F-2D4D-43E0-8009-CF276956A95A): 0
LogDevObjectVersion:   Dev-Rendering (12F88B9F-8875-4AFC-A67C-D90C383ABD29): 43
LogDevObjectVersion:   Dev-Sequencer (7B5AE74C-D270-4C10-A958-57980B212A5A): 12
LogDevObjectVersion:   Dev-VR (D7296918-1DD6-4BDD-9DE2-64A83CC13884): 3
LogDevObjectVersion:   Dev-LoadTimes (C2A15278-BFE7-4AFE-6C17-90FF531DF755): 1
LogDevObjectVersion:   Private-Geometry (6EACA3D4-40EC-4CC1-B786-8BED09428FC5): 3
LogDevObjectVersion:   Dev-AnimPhys (29E575DD-E0A3-4627-9D10-D276232CDCEA): 17
LogDevObjectVersion:   Dev-Anim (AF43A65D-7FD3-4947-9873-3E8ED9C1BB05): 7
LogDevObjectVersion:   Dev-ReflectionCapture (6B266CEC-1EC7-4B8F-A30B-E4D90942FC07): 1
LogDevObjectVersion:   Dev-Automation (0DF73D61-A23F-47EA-B727-89E90C41499A): 1
LogDevObjectVersion:   FortniteMain (601D1886-AC64-4F84-AA16-D3DE0DEAC7D6): 31
LogDevObjectVersion:   Dev-Enterprise (9DFFBCD6-494F-0158-E221-12823C92A888): 10
LogDevObjectVersion:   Dev-Niagara (F2AED0AC-9AFE-416F-8664-AA7FFA26D6FC): 1
LogDevObjectVersion:   Dev-Destruction (174F1F0B-B4C6-45A5-B13F-2EE8D0FB917D): 10
LogDevObjectVersion:   Dev-Physics-Ext (35F94A83-E258-406C-A318-09F59610247C): 37
LogDevObjectVersion:   Dev-PhysicsMaterial-Chaos (B68FC16E-8B1B-42E2-B453-215C058844FE): 1
LogDevObjectVersion:   Dev-CineCamera (B2E18506-4273-CFC2-A54E-F4BB758BBA07): 1
LogInit: Presizing for max 25165824 objects, including 0 objects not considered by GC, pre-allocating 0 bytes for permanent pool.
LogConfig: Applying CVar settings from Section [/Script/Engine.StreamingSettings] File [D:/MyGameProjects/2122-yr1-team-omegalulv2/Top_Down_2D_Game/Saved/Config/Windows/Engine.ini]
LogConfig: Setting CVar [[s.MinBulkDataSizeForAsyncLoading:131072]]
LogConfig: Setting CVar [[s.AsyncLoadingThreadEnabled:0]]
LogConfig: Setting CVar [[s.EventDrivenLoaderEnabled:1]]
LogConfig: Setting CVar [[s.WarnIfTimeLimitExceeded:0]]
LogConfig: Setting CVar [[s.TimeLimitExceededMultiplier:1.5]]
LogConfig: Setting CVar [[s.TimeLimitExceededMinTime:0.005]]
LogConfig: Setting CVar [[s.UseBackgroundLevelStreaming:1]]
LogConfig: Setting CVar [[s.PriorityAsyncLoadingExtraTime:15.0]]
LogConfig: Setting CVar [[s.LevelStreamingActorsUpdateTimeLimit:5.0]]
LogConfig: Setting CVar [[s.PriorityLevelStreamingActorsUpdateExtraTime:5.0]]
LogConfig: Setting CVar [[s.LevelStreamingComponentsRegistrationGranularity:10]]
LogConfig: Setting CVar [[s.UnregisterComponentsTimeLimit:1.0]]
LogConfig: Setting CVar [[s.LevelStreamingComponentsUnregistrationGranularity:5]]
LogConfig: Setting CVar [[s.FlushStreamingOnExit:1]]
LogInit: Object subsystem initialized
LogConfig: Setting CVar [[con.DebugEarlyDefault:1]]
LogConfig: Setting CVar [[r.setres:1280x720]]
[2022.01.02-17.41.46:375][  0]LogConfig: Setting CVar [[con.DebugEarlyDefault:1]]
[2022.01.02-17.41.46:375][  0]LogConfig: Setting CVar [[r.setres:1280x720]]
[2022.01.02-17.41.46:375][  0]LogConfig: Applying CVar settings from Section [/Script/Engine.RendererSettings] File [D:/MyGameProjects/2122-yr1-team-omegalulv2/Top_Down_2D_Game/Saved/Config/Windows/Engine.ini]
[2022.01.02-17.41.46:375][  0]LogConfig: Setting CVar [[r.GPUCrashDebugging:0]]
[2022.01.02-17.41.46:375][  0]LogConfig: Applying CVar settings from Section [/Script/Engine.RendererOverrideSettings] File [D:/MyGameProjects/2122-yr1-team-omegalulv2/Top_Down_2D_Game/Saved/Config/Windows/Engine.ini]
[2022.01.02-17.41.46:375][  0]LogConfig: Applying CVar settings from Section [/Script/Engine.StreamingSettings] File [D:/MyGameProjects/2122-yr1-team-omegalulv2/Top_Down_2D_Game/Saved/Config/Windows/Engine.ini]
[2022.01.02-17.41.46:375][  0]LogConfig: Setting CVar [[s.MinBulkDataSizeForAsyncLoading:131072]]
[2022.01.02-17.41.46:375][  0]LogConfig: Setting CVar [[s.AsyncLoadingThreadEnabled:0]]
[2022.01.02-17.41.46:375][  0]LogConfig: Setting CVar [[s.EventDrivenLoaderEnabled:1]]
[2022.01.02-17.41.46:375][  0]LogConfig: Setting CVar [[s.WarnIfTimeLimitExceeded:0]]
[2022.01.02-17.41.46:375][  0]LogConfig: Setting CVar [[s.TimeLimitExceededMultiplier:1.5]]
[2022.01.02-17.41.46:375][  0]LogConfig: Setting CVar [[s.TimeLimitExceededMinTime:0.005]]
[2022.01.02-17.41.46:375][  0]LogConfig: Setting CVar [[s.UseBackgroundLevelStreaming:1]]
[2022.01.02-17.41.46:375][  0]LogConfig: Setting CVar [[s.PriorityAsyncLoadingExtraTime:15.0]]
[2022.01.02-17.41.46:375][  0]LogConfig: Setting CVar [[s.LevelStreamingActorsUpdateTimeLimit:5.0]]
[2022.01.02-17.41.46:375][  0]LogConfig: Setting CVar [[s.PriorityLevelStreamingActorsUpdateExtraTime:5.0]]
[2022.01.02-17.41.46:375][  0]LogConfig: Setting CVar [[s.LevelStreamingComponentsRegistrationGranularity:10]]
[2022.01.02-17.41.46:375][  0]LogConfig: Setting CVar [[s.UnregisterComponentsTimeLimit:1.0]]
[2022.01.02-17.41.46:375][  0]LogConfig: Setting CVar [[s.LevelStreamingComponentsUnregistrationGranularity:5]]
[2022.01.02-17.41.46:375][  0]LogConfig: Setting CVar [[s.FlushStreamingOnExit:1]]
[2022.01.02-17.41.46:375][  0]LogConfig: Applying CVar settings from Section [/Script/Engine.GarbageCollectionSettings] File [D:/MyGameProjects/2122-yr1-team-omegalulv2/Top_Down_2D_Game/Saved/Config/Windows/Engine.ini]
[2022.01.02-17.41.46:375][  0]LogConfig: Setting CVar [[gc.MaxObjectsNotConsideredByGC:1]]
[2022.01.02-17.41.46:375][  0]LogConfig: Setting CVar [[gc.SizeOfPermanentObjectPool:0]]
[2022.01.02-17.41.46:375][  0]LogConfig: Setting CVar [[gc.FlushStreamingOnGC:0]]
[2022.01.02-17.41.46:375][  0]LogConfig: Setting CVar [[gc.NumRetriesBeforeForcingGC:10]]
[2022.01.02-17.41.46:375][  0]LogConfig: Setting CVar [[gc.AllowParallelGC:1]]
[2022.01.02-17.41.46:375][  0]LogConfig: Setting CVar [[gc.TimeBetweenPurgingPendingKillObjects:61.1]]
[2022.01.02-17.41.46:375][  0]LogConfig: Setting CVar [[gc.MaxObjectsInEditor:25165824]]
[2022.01.02-17.41.46:375][  0]LogConfig: Setting CVar [[gc.IncrementalBeginDestroyEnabled:1]]
[2022.01.02-17.41.46:375][  0]LogConfig: Setting CVar [[gc.CreateGCClusters:1]]
[2022.01.02-17.41.46:375][  0]LogConfig: Setting CVar [[gc.MinGCClusterSize:5]]
[2022.01.02-17.41.46:375][  0]LogConfig: Setting CVar [[gc.ActorClusteringEnabled:0]]
[2022.01.02-17.41.46:375][  0]LogConfig: Setting CVar [[gc.BlueprintClusteringEnabled:0]]
[2022.01.02-17.41.46:375][  0]LogConfig: Setting CVar [[gc.UseDisregardForGCOnDedicatedServers:0]]
[2022.01.02-17.41.46:375][  0]LogConfig: Applying CVar settings from Section [/Script/Engine.NetworkSettings] File [D:/MyGameProjects/2122-yr1-team-omegalulv2/Top_Down_2D_Game/Saved/Config/Windows/Engine.ini]
[2022.01.02-17.41.46:375][  0]LogConfig: Applying CVar settings from Section [/Script/UnrealEd.CookerSettings] File [D:/MyGameProjects/2122-yr1-team-omegalulv2/Top_Down_2D_Game/Saved/Config/Windows/Engine.ini]
[2022.01.02-17.41.46:377][  0]LogConfig: Applying CVar settings from Section [ViewDistanceQuality@3] File [D:/MyGameProjects/2122-yr1-team-omegalulv2/Top_Down_2D_Game/Saved/Config/Windows/Scalability.ini]
[2022.01.02-17.41.46:378][  0]LogConfig: Setting CVar [[r.SkeletalMeshLODBias:0]]
[2022.01.02-17.41.46:378][  0]LogConfig: Setting CVar [[r.ViewDistanceScale:1.0]]
[2022.01.02-17.41.46:378][  0]LogConfig: Applying CVar settings from Section [AntiAliasingQuality@3] File [D:/MyGameProjects/2122-yr1-team-omegalulv2/Top_Down_2D_Game/Saved/Config/Windows/Scalability.ini]
[2022.01.02-17.41.46:378][  0]LogConfig: Setting CVar [[r.PostProcessAAQuality:4]]
[2022.01.02-17.41.46:378][  0]LogConfig: Applying CVar settings from Section [ShadowQuality@3] File [D:/MyGameProjects/2122-yr1-team-omegalulv2/Top_Down_2D_Game/Saved/Config/Windows/Scalability.ini]
[2022.01.02-17.41.46:378][  0]LogConfig: Setting CVar [[r.LightFunctionQuality:1]]
[2022.01.02-17.41.46:378][  0]LogConfig: Setting CVar [[r.ShadowQuality:5]]
[2022.01.02-17.41.46:378][  0]LogConfig: Setting CVar [[r.Shadow.CSM.MaxCascades:10]]
[2022.01.02-17.41.46:378][  0]LogConfig: Setting CVar [[r.Shadow.MaxResolution:2048]]
[2022.01.02-17.41.46:378][  0]LogConfig: Setting CVar [[r.Shadow.MaxCSMResolution:2048]]
[2022.01.02-17.41.46:378][  0]LogConfig: Setting CVar [[r.Shadow.RadiusThreshold:0.01]]
[2022.01.02-17.41.46:378][  0]LogConfig: Setting CVar [[r.Shadow.DistanceScale:1.0]]
[2022.01.02-17.41.46:378][  0]LogConfig: Setting CVar [[r.Shadow.CSM.TransitionScale:1.0]]
[2022.01.02-17.41.46:378][  0]LogConfig: Setting CVar [[r.Shadow.PreShadowResolutionFactor:1.0]]
[2022.01.02-17.41.46:378][  0]LogConfig: Setting CVar [[r.DistanceFieldShadowing:1]]
[2022.01.02-17.41.46:378][  0]LogConfig: Setting CVar [[r.DistanceFieldAO:1]]
[2022.01.02-17.41.46:378][  0]LogConfig: Setting CVar [[r.AOQuality:2]]
[2022.01.02-17.41.46:378][  0]LogConfig: Setting CVar [[r.VolumetricFog:1]]
[2022.01.02-17.41.46:378][  0]LogConfig: Setting CVar [[r.VolumetricFog.GridPixelSize:8]]
[2022.01.02-17.41.46:378][  0]LogConfig: Setting CVar [[r.VolumetricFog.GridSizeZ:128]]
[2022.01.02-17.41.46:378][  0]LogConfig: Setting CVar [[r.VolumetricFog.HistoryMissSupersampleCount:4]]
[2022.01.02-17.41.46:378][  0]LogConfig: Setting CVar [[r.LightMaxDrawDistanceScale:1]]
[2022.01.02-17.41.46:378][  0]LogConfig: Setting CVar [[r.CapsuleShadows:1]]
[2022.01.02-17.41.46:378][  0]LogConfig: Applying CVar settings from Section [PostProcessQuality@3] File [D:/MyGameProjects/2122-yr1-team-omegalulv2/Top_Down_2D_Game/Saved/Config/Windows/Scalability.ini]
[2022.01.02-17.41.46:378][  0]LogConfig: Setting CVar [[r.MotionBlurQuality:4]]
[2022.01.02-17.41.46:378][  0]LogConfig: Setting CVar [[r.AmbientOcclusionMipLevelFactor:0.4]]
[2022.01.02-17.41.46:378][  0]LogConfig: Setting CVar [[r.AmbientOcclusionMaxQuality:100]]
[2022.01.02-17.41.46:378][  0]LogConfig: Setting CVar [[r.AmbientOcclusionLevels:-1]]
[2022.01.02-17.41.46:378][  0]LogConfig: Setting CVar [[r.AmbientOcclusionRadiusScale:1.0]]
[2022.01.02-17.41.46:378][  0]LogConfig: Setting CVar [[r.DepthOfFieldQuality:2]]
[2022.01.02-17.41.46:378][  0]LogConfig: Setting CVar [[r.RenderTargetPoolMin:400]]
[2022.01.02-17.41.46:378][  0]LogConfig: Setting CVar [[r.LensFlareQuality:2]]
[2022.01.02-17.41.46:378][  0]LogConfig: Setting CVar [[r.SceneColorFringeQuality:1]]
[2022.01.02-17.41.46:378][  0]LogConfig: Setting CVar [[r.EyeAdaptationQuality:2]]
[2022.01.02-17.41.46:378][  0]LogConfig: Setting CVar [[r.BloomQuality:5]]
[2022.01.02-17.41.46:378][  0]LogConfig: Setting CVar [[r.FastBlurThreshold:100]]
[2022.01.02-17.41.46:378][  0]LogConfig: Setting CVar [[r.Upscale.Quality:3]]
[2022.01.02-17.41.46:378][  0]LogConfig: Setting CVar [[r.Tonemapper.GrainQuantization:1]]
[2022.01.02-17.41.46:378][  0]LogConfig: Setting CVar [[r.LightShaftQuality:1]]
[2022.01.02-17.41.46:378][  0]LogConfig: Setting CVar [[r.Filter.SizeScale:1]]
[2022.01.02-17.41.46:378][  0]LogConfig: Setting CVar [[r.Tonemapper.Quality:5]]
[2022.01.02-17.41.46:378][  0]LogConfig: Setting CVar [[r.DOF.Gather.AccumulatorQuality:1        ; higher gathering accumulator quality]]
[2022.01.02-17.41.46:378][  0]LogConfig: Setting CVar [[r.DOF.Gather.PostfilterMethod:1          ; Median3x3 postfilering method]]
[2022.01.02-17.41.46:378][  0]LogConfig: Setting CVar [[r.DOF.Gather.EnableBokehSettings:0       ; no bokeh simulation when gathering]]
[2022.01.02-17.41.46:378][  0]LogConfig: Setting CVar [[r.DOF.Gather.RingCount:4                 ; medium number of samples when gathering]]
[2022.01.02-17.41.46:378][  0]LogConfig: Setting CVar [[r.DOF.Scatter.ForegroundCompositing:1    ; additive foreground scattering]]
[2022.01.02-17.41.46:378][  0]LogConfig: Setting CVar [[r.DOF.Scatter.BackgroundCompositing:2    ; additive background scattering]]
[2022.01.02-17.41.46:379][  0]LogConfig: Setting CVar [[r.DOF.Scatter.EnableBokehSettings:1      ; bokeh simulation when scattering]]
[2022.01.02-17.41.46:379][  0]LogConfig: Setting CVar [[r.DOF.Scatter.MaxSpriteRatio:0.1         ; only a maximum of 10% of scattered bokeh]]
[2022.01.02-17.41.46:379][  0]LogConfig: Setting CVar [[r.DOF.Recombine.Quality:1                ; cheap slight out of focus]]
[2022.01.02-17.41.46:379][  0]LogConfig: Setting CVar [[r.DOF.Recombine.EnableBokehSettings:0    ; no bokeh simulation on slight out of focus]]
[2022.01.02-17.41.46:379][  0]LogConfig: Setting CVar [[r.DOF.TemporalAAQuality:1                ; more stable temporal accumulation]]
[2022.01.02-17.41.46:379][  0]LogConfig: Setting CVar [[r.DOF.Kernel.MaxForegroundRadius:0.025]]
[2022.01.02-17.41.46:379][  0]LogConfig: Setting CVar [[r.DOF.Kernel.MaxBackgroundRadius:0.025]]
[2022.01.02-17.41.46:379][  0]LogConfig: Applying CVar settings from Section [TextureQuality@3] File [D:/MyGameProjects/2122-yr1-team-omegalulv2/Top_Down_2D_Game/Saved/Config/Windows/Scalability.ini]
[2022.01.02-17.41.46:379][  0]LogConfig: Setting CVar [[r.Streaming.MipBias:0]]
[2022.01.02-17.41.46:379][  0]LogConfig: Setting CVar [[r.Streaming.AmortizeCPUToGPUCopy:0]]
[2022.01.02-17.41.46:379][  0]LogConfig: Setting CVar [[r.Streaming.MaxNumTexturesToStreamPerFrame:0]]
[2022.01.02-17.41.46:379][  0]LogConfig: Setting CVar [[r.Streaming.Boost:1]]
[2022.01.02-17.41.46:379][  0]LogConfig: Setting CVar [[r.MaxAnisotropy:8]]
[2022.01.02-17.41.46:379][  0]LogConfig: Setting CVar [[r.VT.MaxAnisotropy:8]]
[2022.01.02-17.41.46:379][  0]LogConfig: Setting CVar [[r.Streaming.LimitPoolSizeToVRAM:0]]
[2022.01.02-17.41.46:379][  0]LogConfig: Setting CVar [[r.Streaming.PoolSize:1000]]
[2022.01.02-17.41.46:379][  0]LogConfig: Setting CVar [[r.Streaming.MaxEffectiveScreenSize:0]]
[2022.01.02-17.41.46:379][  0]LogConfig: Applying CVar settings from Section [EffectsQuality@3] File [D:/MyGameProjects/2122-yr1-team-omegalulv2/Top_Down_2D_Game/Saved/Config/Windows/Scalability.ini]
[2022.01.02-17.41.46:379][  0]LogConfig: Setting CVar [[r.TranslucencyLightingVolumeDim:64]]
[2022.01.02-17.41.46:379][  0]LogConfig: Setting CVar [[r.RefractionQuality:2]]
[2022.01.02-17.41.46:379][  0]LogConfig: Setting CVar [[r.SSR.Quality:3]]
[2022.01.02-17.41.46:379][  0]LogConfig: Setting CVar [[r.SSR.HalfResSceneColor:0]]
[2022.01.02-17.41.46:379][  0]LogConfig: Setting CVar [[r.SceneColorFormat:4]]
[2022.01.02-17.41.46:379][  0]LogConfig: Setting CVar [[r.DetailMode:2]]
[2022.01.02-17.41.46:379][  0]LogConfig: Setting CVar [[r.TranslucencyVolumeBlur:1]]
[2022.01.02-17.41.46:379][  0]LogConfig: Setting CVar [[r.MaterialQualityLevel:1 ; High quality]]
[2022.01.02-17.41.46:379][  0]LogConfig: Setting CVar [[r.SSS.Scale:1]]
[2022.01.02-17.41.46:379][  0]LogConfig: Setting CVar [[r.SSS.SampleSet:2]]
[2022.01.02-17.41.46:379][  0]LogConfig: Setting CVar [[r.SSS.Quality:1]]
[2022.01.02-17.41.46:379][  0]LogConfig: Setting CVar [[r.SSS.HalfRes:0]]
[2022.01.02-17.41.46:379][  0]LogConfig: Setting CVar [[r.SSGI.Quality:3]]
[2022.01.02-17.41.46:379][  0]LogConfig: Setting CVar [[r.EmitterSpawnRateScale:1.0]]
[2022.01.02-17.41.46:379][  0]LogConfig: Setting CVar [[r.ParticleLightQuality:2]]
[2022.01.02-17.41.46:379][  0]LogConfig: Setting CVar [[r.SkyAtmosphere.AerialPerspectiveLUT.FastApplyOnOpaque:1 ; Always have FastSkyLUT 1 in this case to avoid wrong sky]]
[2022.01.02-17.41.46:379][  0]LogConfig: Setting CVar [[r.SkyAtmosphere.AerialPerspectiveLUT.SampleCountPerSlice:1]]
[2022.01.02-17.41.46:379][  0]LogConfig: Setting CVar [[r.SkyAtmosphere.AerialPerspectiveLUT.DepthResolution:16.0]]
[2022.01.02-17.41.46:379][  0]LogConfig: Setting CVar [[r.SkyAtmosphere.FastSkyLUT:1]]
[2022.01.02-17.41.46:379][  0]LogConfig: Setting CVar [[r.SkyAtmosphere.FastSkyLUT.SampleCountMin:4.0]]
[2022.01.02-17.41.46:379][  0]LogConfig: Setting CVar [[r.SkyAtmosphere.FastSkyLUT.SampleCountMax:32.0]]
[2022.01.02-17.41.46:379][  0]LogConfig: Setting CVar [[r.SkyAtmosphere.SampleCountMin:4.0]]
[2022.01.02-17.41.46:379][  0]LogConfig: Setting CVar [[r.SkyAtmosphere.SampleCountMax:32.0]]
[2022.01.02-17.41.46:379][  0]LogConfig: Setting CVar [[r.SkyAtmosphere.TransmittanceLUT.UseSmallFormat:0]]
[2022.01.02-17.41.46:379][  0]LogConfig: Setting CVar [[r.SkyAtmosphere.TransmittanceLUT.SampleCount:10.0]]
[2022.01.02-17.41.46:379][  0]LogConfig: Setting CVar [[r.SkyAtmosphere.MultiScatteringLUT.SampleCount:15.0]]
[2022.01.02-17.41.46:379][  0]LogConfig: Applying CVar settings from Section [FoliageQuality@3] File [D:/MyGameProjects/2122-yr1-team-omegalulv2/Top_Down_2D_Game/Saved/Config/Windows/Scalability.ini]
[2022.01.02-17.41.46:379][  0]LogConfig: Setting CVar [[foliage.DensityScale:1.0]]
[2022.01.02-17.41.46:379][  0]LogConfig: Setting CVar [[grass.DensityScale:1.0]]
[2022.01.02-17.41.46:379][  0]LogConfig: Applying CVar settings from Section [ShadingQuality@3] File [D:/MyGameProjects/2122-yr1-team-omegalulv2/Top_Down_2D_Game/Saved/Config/Windows/Scalability.ini]
[2022.01.02-17.41.46:379][  0]LogConfig: Setting CVar [[r.HairStrands.SkyLighting.SampleCount:16]]
[2022.01.02-17.41.46:379][  0]LogConfig: Setting CVar [[r.HairStrands.SkyLighting.JitterIntegration:0]]
[2022.01.02-17.41.46:379][  0]LogConfig: Setting CVar [[r.HairStrands.SkyAO.SampleCount:16]]
[2022.01.02-17.41.46:379][  0]LogConfig: Setting CVar [[r.HairStrands.DeepShadow.SuperSampling:0]]
[2022.01.02-17.41.46:379][  0]LogConfig: Setting CVar [[r.HairStrands.VisibilityPPLL:0]]
[2022.01.02-17.41.46:379][  0]LogConfig: Setting CVar [[r.HairStrands.RasterizationScale:0.5]]
[2022.01.02-17.41.46:379][  0]LogConfig: Setting CVar [[r.HairStrands.VelocityRasterizationScale:1]]
[2022.01.02-17.41.46:379][  0]LogInit: Selected Device Profile: [Windows]
[2022.01.02-17.41.46:379][  0]LogInit: Applying CVar settings loaded from the selected device profile: [Windows]
[2022.01.02-17.41.46:380][  0]LogHAL: Display: Platform has ~ 16 GB [17032126464 / 17179869184 / 16], which maps to Larger [LargestMinGB=32, LargerMinGB=12, DefaultMinGB=8, SmallerMinGB=6, SmallestMinGB=0)
[2022.01.02-17.41.46:380][  0]LogInit: Going up to parent DeviceProfile []
[2022.01.02-17.41.46:380][  0]LogConfig: Applying CVar settings from Section [ViewDistanceQuality@3] File [D:/MyGameProjects/2122-yr1-team-omegalulv2/Top_Down_2D_Game/Saved/Config/Windows/Scalability.ini]
[2022.01.02-17.41.46:380][  0]LogConfig: Setting CVar [[r.SkeletalMeshLODBias:0]]
[2022.01.02-17.41.46:380][  0]LogConfig: Setting CVar [[r.ViewDistanceScale:1.0]]
[2022.01.02-17.41.46:380][  0]LogConfig: Applying CVar settings from Section [AntiAliasingQuality@3] File [D:/MyGameProjects/2122-yr1-team-omegalulv2/Top_Down_2D_Game/Saved/Config/Windows/Scalability.ini]
[2022.01.02-17.41.46:380][  0]LogConfig: Setting CVar [[r.PostProcessAAQuality:4]]
[2022.01.02-17.41.46:380][  0]LogConfig: Applying CVar settings from Section [ShadowQuality@3] File [D:/MyGameProjects/2122-yr1-team-omegalulv2/Top_Down_2D_Game/Saved/Config/Windows/Scalability.ini]
[2022.01.02-17.41.46:380][  0]LogConfig: Setting CVar [[r.LightFunctionQuality:1]]
[2022.01.02-17.41.46:380][  0]LogConfig: Setting CVar [[r.ShadowQuality:5]]
[2022.01.02-17.41.46:380][  0]LogConfig: Setting CVar [[r.Shadow.CSM.MaxCascades:10]]
[2022.01.02-17.41.46:380][  0]LogConfig: Setting CVar [[r.Shadow.MaxResolution:2048]]
[2022.01.02-17.41.46:380][  0]LogConfig: Setting CVar [[r.Shadow.MaxCSMResolution:2048]]
[2022.01.02-17.41.46:380][  0]LogConfig: Setting CVar [[r.Shadow.RadiusThreshold:0.01]]
[2022.01.02-17.41.46:380][  0]LogConfig: Setting CVar [[r.Shadow.DistanceScale:1.0]]
[2022.01.02-17.41.46:380][  0]LogConfig: Setting CVar [[r.Shadow.CSM.TransitionScale:1.0]]
[2022.01.02-17.41.46:380][  0]LogConfig: Setting CVar [[r.Shadow.PreShadowResolutionFactor:1.0]]
[2022.01.02-17.41.46:380][  0]LogConfig: Setting CVar [[r.DistanceFieldShadowing:1]]
[2022.01.02-17.41.46:380][  0]LogConfig: Setting CVar [[r.DistanceFieldAO:1]]
[2022.01.02-17.41.46:380][  0]LogConfig: Setting CVar [[r.AOQuality:2]]
[2022.01.02-17.41.46:380][  0]LogConfig: Setting CVar [[r.VolumetricFog:1]]
[2022.01.02-17.41.46:380][  0]LogConfig: Setting CVar [[r.VolumetricFog.GridPixelSize:8]]
[2022.01.02-17.41.46:380][  0]LogConfig: Setting CVar [[r.VolumetricFog.GridSizeZ:128]]
[2022.01.02-17.41.46:380][  0]LogConfig: Setting CVar [[r.VolumetricFog.HistoryMissSupersampleCount:4]]
[2022.01.02-17.41.46:380][  0]LogConfig: Setting CVar [[r.LightMaxDrawDistanceScale:1]]
[2022.01.02-17.41.46:380][  0]LogConfig: Setting CVar [[r.CapsuleShadows:1]]
[2022.01.02-17.41.46:380][  0]LogConfig: Applying CVar settings from Section [PostProcessQuality@3] File [D:/MyGameProjects/2122-yr1-team-omegalulv2/Top_Down_2D_Game/Saved/Config/Windows/Scalability.ini]
[2022.01.02-17.41.46:380][  0]LogConfig: Setting CVar [[r.MotionBlurQuality:4]]
[2022.01.02-17.41.46:380][  0]LogConfig: Setting CVar [[r.AmbientOcclusionMipLevelFactor:0.4]]
[2022.01.02-17.41.46:380][  0]LogConfig: Setting CVar [[r.AmbientOcclusionMaxQuality:100]]
[2022.01.02-17.41.46:380][  0]LogConfig: Setting CVar [[r.AmbientOcclusionLevels:-1]]
[2022.01.02-17.41.46:380][  0]LogConfig: Setting CVar [[r.AmbientOcclusionRadiusScale:1.0]]
[2022.01.02-17.41.46:380][  0]LogConfig: Setting CVar [[r.DepthOfFieldQuality:2]]
[2022.01.02-17.41.46:380][  0]LogConfig: Setting CVar [[r.RenderTargetPoolMin:400]]
[2022.01.02-17.41.46:380][  0]LogConfig: Setting CVar [[r.LensFlareQuality:2]]
[2022.01.02-17.41.46:380][  0]LogConfig: Setting CVar [[r.SceneColorFringeQuality:1]]
[2022.01.02-17.41.46:380][  0]LogConfig: Setting CVar [[r.EyeAdaptationQuality:2]]
[2022.01.02-17.41.46:380][  0]LogConfig: Setting CVar [[r.BloomQuality:5]]
[2022.01.02-17.41.46:380][  0]LogConfig: Setting CVar [[r.FastBlurThreshold:100]]
[2022.01.02-17.41.46:380][  0]LogConfig: Setting CVar [[r.Upscale.Quality:3]]
[2022.01.02-17.41.46:380][  0]LogConfig: Setting CVar [[r.Tonemapper.GrainQuantization:1]]
[2022.01.02-17.41.46:380][  0]LogConfig: Setting CVar [[r.LightShaftQuality:1]]
[2022.01.02-17.41.46:380][  0]LogConfig: Setting CVar [[r.Filter.SizeScale:1]]
[2022.01.02-17.41.46:380][  0]LogConfig: Setting CVar [[r.Tonemapper.Quality:5]]
[2022.01.02-17.41.46:380][  0]LogConfig: Setting CVar [[r.DOF.Gather.AccumulatorQuality:1        ; higher gathering accumulator quality]]
[2022.01.02-17.41.46:380][  0]LogConfig: Setting CVar [[r.DOF.Gather.PostfilterMethod:1          ; Median3x3 postfilering method]]
[2022.01.02-17.41.46:380][  0]LogConfig: Setting CVar [[r.DOF.Gather.EnableBokehSettings:0       ; no bokeh simulation when gathering]]
[2022.01.02-17.41.46:380][  0]LogConfig: Setting CVar [[r.DOF.Gather.RingCount:4                 ; medium number of samples when gathering]]
[2022.01.02-17.41.46:380][  0]LogConfig: Setting CVar [[r.DOF.Scatter.ForegroundCompositing:1    ; additive foreground scattering]]
[2022.01.02-17.41.46:380][  0]LogConfig: Setting CVar [[r.DOF.Scatter.BackgroundCompositing:2    ; additive background scattering]]
[2022.01.02-17.41.46:380][  0]LogConfig: Setting CVar [[r.DOF.Scatter.EnableBokehSettings:1      ; bokeh simulation when scattering]]
[2022.01.02-17.41.46:380][  0]LogConfig: Setting CVar [[r.DOF.Scatter.MaxSpriteRatio:0.1         ; only a maximum of 10% of scattered bokeh]]
[2022.01.02-17.41.46:380][  0]LogConfig: Setting CVar [[r.DOF.Recombine.Quality:1                ; cheap slight out of focus]]
[2022.01.02-17.41.46:380][  0]LogConfig: Setting CVar [[r.DOF.Recombine.EnableBokehSettings:0    ; no bokeh simulation on slight out of focus]]
[2022.01.02-17.41.46:381][  0]LogConfig: Setting CVar [[r.DOF.TemporalAAQuality:1                ; more stable temporal accumulation]]
[2022.01.02-17.41.46:381][  0]LogConfig: Setting CVar [[r.DOF.Kernel.MaxForegroundRadius:0.025]]
[2022.01.02-17.41.46:381][  0]LogConfig: Setting CVar [[r.DOF.Kernel.MaxBackgroundRadius:0.025]]
[2022.01.02-17.41.46:381][  0]LogConfig: Applying CVar settings from Section [TextureQuality@3] File [D:/MyGameProjects/2122-yr1-team-omegalulv2/Top_Down_2D_Game/Saved/Config/Windows/Scalability.ini]
[2022.01.02-17.41.46:381][  0]LogConfig: Setting CVar [[r.Streaming.MipBias:0]]
[2022.01.02-17.41.46:381][  0]LogConfig: Setting CVar [[r.Streaming.AmortizeCPUToGPUCopy:0]]
[2022.01.02-17.41.46:381][  0]LogConfig: Setting CVar [[r.Streaming.MaxNumTexturesToStreamPerFrame:0]]
[2022.01.02-17.41.46:381][  0]LogConfig: Setting CVar [[r.Streaming.Boost:1]]
[2022.01.02-17.41.46:381][  0]LogConfig: Setting CVar [[r.MaxAnisotropy:8]]
[2022.01.02-17.41.46:381][  0]LogConfig: Setting CVar [[r.VT.MaxAnisotropy:8]]
[2022.01.02-17.41.46:381][  0]LogConfig: Setting CVar [[r.Streaming.LimitPoolSizeToVRAM:0]]
[2022.01.02-17.41.46:381][  0]LogConfig: Setting CVar [[r.Streaming.PoolSize:1000]]
[2022.01.02-17.41.46:381][  0]LogConfig: Setting CVar [[r.Streaming.MaxEffectiveScreenSize:0]]
[2022.01.02-17.41.46:381][  0]LogConfig: Applying CVar settings from Section [EffectsQuality@3] File [D:/MyGameProjects/2122-yr1-team-omegalulv2/Top_Down_2D_Game/Saved/Config/Windows/Scalability.ini]
[2022.01.02-17.41.46:381][  0]LogConfig: Setting CVar [[r.TranslucencyLightingVolumeDim:64]]
[2022.01.02-17.41.46:381][  0]LogConfig: Setting CVar [[r.RefractionQuality:2]]
[2022.01.02-17.41.46:381][  0]LogConfig: Setting CVar [[r.SSR.Quality:3]]
[2022.01.02-17.41.46:381][  0]LogConfig: Setting CVar [[r.SSR.HalfResSceneColor:0]]
[2022.01.02-17.41.46:381][  0]LogConfig: Setting CVar [[r.SceneColorFormat:4]]
[2022.01.02-17.41.46:381][  0]LogConfig: Setting CVar [[r.DetailMode:2]]
[2022.01.02-17.41.46:381][  0]LogConfig: Setting CVar [[r.TranslucencyVolumeBlur:1]]
[2022.01.02-17.41.46:381][  0]LogConfig: Setting CVar [[r.MaterialQualityLevel:1 ; High quality]]
[2022.01.02-17.41.46:381][  0]LogConfig: Setting CVar [[r.SSS.Scale:1]]
[2022.01.02-17.41.46:381][  0]LogConfig: Setting CVar [[r.SSS.SampleSet:2]]
[2022.01.02-17.41.46:381][  0]LogConfig: Setting CVar [[r.SSS.Quality:1]]
[2022.01.02-17.41.46:381][  0]LogConfig: Setting CVar [[r.SSS.HalfRes:0]]
[2022.01.02-17.41.46:381][  0]LogConfig: Setting CVar [[r.SSGI.Quality:3]]
[2022.01.02-17.41.46:381][  0]LogConfig: Setting CVar [[r.EmitterSpawnRateScale:1.0]]
[2022.01.02-17.41.46:381][  0]LogConfig: Setting CVar [[r.ParticleLightQuality:2]]
[2022.01.02-17.41.46:381][  0]LogConfig: Setting CVar [[r.SkyAtmosphere.AerialPerspectiveLUT.FastApplyOnOpaque:1 ; Always have FastSkyLUT 1 in this case to avoid wrong sky]]
[2022.01.02-17.41.46:381][  0]LogConfig: Setting CVar [[r.SkyAtmosphere.AerialPerspectiveLUT.SampleCountPerSlice:1]]
[2022.01.02-17.41.46:381][  0]LogConfig: Setting CVar [[r.SkyAtmosphere.AerialPerspectiveLUT.DepthResolution:16.0]]
[2022.01.02-17.41.46:381][  0]LogConfig: Setting CVar [[r.SkyAtmosphere.FastSkyLUT:1]]
[2022.01.02-17.41.46:381][  0]LogConfig: Setting CVar [[r.SkyAtmosphere.FastSkyLUT.SampleCountMin:4.0]]
[2022.01.02-17.41.46:381][  0]LogConfig: Setting CVar [[r.SkyAtmosphere.FastSkyLUT.SampleCountMax:32.0]]
[2022.01.02-17.41.46:381][  0]LogConfig: Setting CVar [[r.SkyAtmosphere.SampleCountMin:4.0]]
[2022.01.02-17.41.46:381][  0]LogConfig: Setting CVar [[r.SkyAtmosphere.SampleCountMax:32.0]]
[2022.01.02-17.41.46:381][  0]LogConfig: Setting CVar [[r.SkyAtmosphere.TransmittanceLUT.UseSmallFormat:0]]
[2022.01.02-17.41.46:381][  0]LogConfig: Setting CVar [[r.SkyAtmosphere.TransmittanceLUT.SampleCount:10.0]]
[2022.01.02-17.41.46:381][  0]LogConfig: Setting CVar [[r.SkyAtmosphere.MultiScatteringLUT.SampleCount:15.0]]
[2022.01.02-17.41.46:382][  0]LogConfig: Applying CVar settings from Section [FoliageQuality@3] File [D:/MyGameProjects/2122-yr1-team-omegalulv2/Top_Down_2D_Game/Saved/Config/Windows/Scalability.ini]
[2022.01.02-17.41.46:382][  0]LogConfig: Setting CVar [[foliage.DensityScale:1.0]]
[2022.01.02-17.41.46:382][  0]LogConfig: Setting CVar [[grass.DensityScale:1.0]]
[2022.01.02-17.41.46:382][  0]LogConfig: Applying CVar settings from Section [ShadingQuality@3] File [D:/MyGameProjects/2122-yr1-team-omegalulv2/Top_Down_2D_Game/Saved/Config/Windows/Scalability.ini]
[2022.01.02-17.41.46:382][  0]LogConfig: Setting CVar [[r.HairStrands.SkyLighting.SampleCount:16]]
[2022.01.02-17.41.46:382][  0]LogConfig: Setting CVar [[r.HairStrands.SkyLighting.JitterIntegration:0]]
[2022.01.02-17.41.46:382][  0]LogConfig: Setting CVar [[r.HairStrands.SkyAO.SampleCount:16]]
[2022.01.02-17.41.46:382][  0]LogConfig: Setting CVar [[r.HairStrands.DeepShadow.SuperSampling:0]]
[2022.01.02-17.41.46:382][  0]LogConfig: Setting CVar [[r.HairStrands.VisibilityPPLL:0]]
[2022.01.02-17.41.46:382][  0]LogConfig: Setting CVar [[r.HairStrands.RasterizationScale:0.5]]
[2022.01.02-17.41.46:382][  0]LogConfig: Setting CVar [[r.HairStrands.VelocityRasterizationScale:1]]
[2022.01.02-17.41.46:382][  0]LogConfig: Applying CVar settings from Section [Startup] File [../../../Engine/Config/ConsoleVariables.ini]
[2022.01.02-17.41.46:383][  0]LogConfig: Setting CVar [[net.UseAdaptiveNetUpdateFrequency:0]]
[2022.01.02-17.41.46:383][  0]LogConfig: Setting CVar [[p.chaos.AllowCreatePhysxBodies:1]]
[2022.01.02-17.41.46:383][  0]LogConfig: Setting CVar [[fx.SkipVectorVMBackendOptimizations:1]]
[2022.01.02-17.41.46:383][  0]LogConfig: Applying CVar settings from Section [ConsoleVariables] File [D:/MyGameProjects/2122-yr1-team-omegalulv2/Top_Down_2D_Game/Saved/Config/Windows/Engine.ini]
[2022.01.02-17.41.46:383][  0]LogInit: Computer: DARBOS-LAPTOP
[2022.01.02-17.41.46:384][  0]LogInit: User: muscl
[2022.01.02-17.41.46:384][  0]LogInit: CPU Page size=4096, Cores=6
[2022.01.02-17.41.46:384][  0]LogInit: High frequency timer resolution =10.000000 MHz
[2022.01.02-17.41.46:384][  0]LogMemory: Memory total: Physical=15.9GB (16GB approx)
[2022.01.02-17.41.46:384][  0]LogMemory: Platform Memory Stats for Windows
[2022.01.02-17.41.46:384][  0]LogMemory: Process Physical Memory: 115.26 MB used, 115.27 MB peak
[2022.01.02-17.41.46:384][  0]LogMemory: Process Virtual Memory: 97.12 MB used, 97.12 MB peak
[2022.01.02-17.41.46:384][  0]LogMemory: Physical Memory: 9366.78 MB used,  6876.32 MB free, 16243.10 MB total
[2022.01.02-17.41.46:384][  0]LogMemory: Virtual Memory: 5166.64 MB used,  134212560.00 MB free, 134217728.00 MB total
[2022.01.02-17.41.46:390][  0]LogWindows: WindowsPlatformFeatures enabled
[2022.01.02-17.41.46:436][  0]LogInit: Physics initialised using underlying interface: PhysX
[2022.01.02-17.41.46:436][  0]LogInit: Using OS detected language (en-GB).
[2022.01.02-17.41.46:436][  0]LogInit: Using OS detected locale (en-GB).
[2022.01.02-17.41.46:438][  0]LogTextLocalizationManager: No specific localization for 'en-GB' exists, so the 'en' localization will be used.
[2022.01.02-17.41.46:775][  0]LogSlate: New Slate User Created.  User Index 0, Is Virtual User: 0
[2022.01.02-17.41.46:775][  0]LogSlate: Slate User Registered.  User Index 0, Is Virtual User: 0
[2022.01.02-17.41.46:839][  0]LogHMD: Failed to initialize OpenVR with code 110
[2022.01.02-17.41.46:839][  0]LogD3D11RHI: D3D11 min allowed feature level: 11_0
[2022.01.02-17.41.46:839][  0]LogD3D11RHI: D3D11 max allowed feature level: 11_0
[2022.01.02-17.41.46:839][  0]LogD3D11RHI: D3D11 adapters:
[2022.01.02-17.41.46:993][  0]LogD3D11RHI:    0. 'NVIDIA GeForce GTX 1060' (Feature Level 11_0)
[2022.01.02-17.41.46:993][  0]LogD3D11RHI:       6052/0/8121 MB DedicatedVideo/DedicatedSystem/SharedSystem, Outputs:1, VendorId:0x10de
[2022.01.02-17.41.47:035][  0]LogD3D11RHI:    1. 'Intel(R) UHD Graphics 630' (Feature Level 11_0)
[2022.01.02-17.41.47:035][  0]LogD3D11RHI:       128/0/8121 MB DedicatedVideo/DedicatedSystem/SharedSystem, Outputs:0, VendorId:0x8086
[2022.01.02-17.41.47:038][  0]LogD3D11RHI:    2. 'Microsoft Basic Render Driver' (Feature Level 11_0)
[2022.01.02-17.41.47:038][  0]LogD3D11RHI:       0/0/8121 MB DedicatedVideo/DedicatedSystem/SharedSystem, Outputs:0, VendorId:0x1414
[2022.01.02-17.41.47:038][  0]LogD3D11RHI: Chosen D3D11 Adapter: 0
[2022.01.02-17.41.47:047][  0]LogD3D11RHI: Creating new Direct3DDevice
[2022.01.02-17.41.47:047][  0]LogD3D11RHI:     GPU DeviceId: 0x1c20 (for the marketing name, search the web for "GPU Device Id")
[2022.01.02-17.41.47:047][  0]LogWindows: EnumDisplayDevices:
[2022.01.02-17.41.47:047][  0]LogWindows:    0. 'Intel(R) UHD Graphics 630' (P:1 D:1)
[2022.01.02-17.41.47:048][  0]LogWindows:    1. 'Intel(R) UHD Graphics 630' (P:0 D:0)
[2022.01.02-17.41.47:048][  0]LogWindows:    2. 'Intel(R) UHD Graphics 630' (P:0 D:0)
[2022.01.02-17.41.47:048][  0]LogWindows:    3. 'NVIDIA GeForce GTX 1060' (P:0 D:0)
[2022.01.02-17.41.47:048][  0]LogWindows:    4. 'NVIDIA GeForce GTX 1060' (P:0 D:0)
[2022.01.02-17.41.47:049][  0]LogWindows:    5. 'NVIDIA GeForce GTX 1060' (P:0 D:0)
[2022.01.02-17.41.47:049][  0]LogWindows:    6. 'NVIDIA GeForce GTX 1060' (P:0 D:0)
[2022.01.02-17.41.47:049][  0]LogWindows: DebugString: PrimaryIsNotTheChoosenAdapter PrimaryIsNotTheChoosenAdapter PrimaryIsNotTheChoosenAdapter FoundDriverCount:4 
[2022.01.02-17.41.47:049][  0]LogD3D11RHI:     Adapter Name: NVIDIA GeForce GTX 1060
[2022.01.02-17.41.47:049][  0]LogD3D11RHI:   Driver Version: 461.40 (internal:27.21.14.6140, unified:461.40)
[2022.01.02-17.41.47:049][  0]LogD3D11RHI:      Driver Date: 1-22-2021
[2022.01.02-17.41.47:049][  0]LogRHI: Texture pool is 4236 MB (70% of 6052 MB)
[2022.01.02-17.41.47:246][  0]LogD3D11RHI: RHI has support for 64 bit atomics
[2022.01.02-17.41.47:247][  0]LogD3D11RHI: Async texture creation enabled
[2022.01.02-17.41.47:247][  0]LogD3D11RHI: Array index from any shader is supported
[2022.01.02-17.41.47:312][  0]LogD3D11RHI: GPU Timing Frequency: 1000.000000 (Debug: 2 2)
[2022.01.02-17.41.47:795][  0]LogTargetPlatformManager: Display: Loaded TargetPlatform 'WindowsNoEditor'
[2022.01.02-17.41.47:802][  0]LogTargetPlatformManager: Display: Loaded TargetPlatform 'Windows'
[2022.01.02-17.41.47:815][  0]LogTargetPlatformManager: Display: Loaded TargetPlatform 'WindowsClient'
[2022.01.02-17.41.47:827][  0]LogTargetPlatformManager: Display: Loaded TargetPlatform 'WindowsServer'
[2022.01.02-17.41.47:827][  0]LogTargetPlatformManager: Display: Building Assets For Windows
[2022.01.02-17.41.47:838][  0]LogAudioDebug: Display: Lib vorbis DLL was dynamically loaded.
[2022.01.02-17.41.47:907][  0]LogShaderCompilers: Guid format shader working directory is -13 characters bigger than the processId version (D:/MyGameProjects/2122-yr1-team-omegalulv2/Top_Down_2D_Game/Intermediate/Shaders/WorkingDirectory/2732/).
[2022.01.02-17.41.47:908][  0]LogShaderCompilers: Cleaned the shader compiler working directory 'C:/Users/muscl/AppData/Local/Temp/UnrealShaderWorkingDir/D25B11BA43F8C297D898EF87D05C4A9F/'.
[2022.01.02-17.41.47:908][  0]LogXGEController: Cannot use XGE Controller as Incredibuild is not installed on this machine.
[2022.01.02-17.41.47:908][  0]LogShaderCompilers: Cannot use XGE Shader Compiler as Incredibuild is not installed on this machine.
[2022.01.02-17.41.47:908][  0]LogShaderCompilers: Display: Using Local Shader Compiler.
[2022.01.02-17.41.48:814][  0]LogDerivedDataCache: Display: Max Cache Size: 512 MB
[2022.01.02-17.41.48:918][  0]LogDerivedDataCache: Loaded boot cache 0.10s 91MB C:/Users/muscl/AppData/Local/UnrealEngine/4.25/DerivedDataCache/Boot.ddc.
[2022.01.02-17.41.48:918][  0]LogDerivedDataCache: Display: Loaded Boot cache: C:/Users/muscl/AppData/Local/UnrealEngine/4.25/DerivedDataCache/Boot.ddc
[2022.01.02-17.41.48:918][  0]LogDerivedDataCache: FDerivedDataBackendGraph:  Pak pak cache file D:/MyGameProjects/2122-yr1-team-omegalulv2/Top_Down_2D_Game/DerivedDataCache/DDC.ddp not found, will not use a pak cache.
[2022.01.02-17.41.48:918][  0]LogDerivedDataCache: Unable to find inner node Pak for hierarchical cache Hierarchy.
[2022.01.02-17.41.48:918][  0]LogDerivedDataCache: FDerivedDataBackendGraph:  CompressedPak pak cache file D:/MyGameProjects/2122-yr1-team-omegalulv2/Top_Down_2D_Game/DerivedDataCache/Compressed.ddp not found, will not use a pak cache.
[2022.01.02-17.41.48:918][  0]LogDerivedDataCache: Unable to find inner node CompressedPak for hierarchical cache Hierarchy.
[2022.01.02-17.41.48:930][  0]LogDerivedDataCache: Display: Pak cache opened for reading ../../../Engine/DerivedDataCache/Compressed.ddp.
[2022.01.02-17.41.48:930][  0]LogDerivedDataCache: FDerivedDataBackendGraph:  EnterprisePak pak cache file ../../../Enterprise/DerivedDataCache/Compressed.ddp not found, will not use a pak cache.
[2022.01.02-17.41.48:930][  0]LogDerivedDataCache: Unable to find inner node EnterprisePak for hierarchical cache Hierarchy.
[2022.01.02-17.41.48:932][  0]LogDerivedDataCache: Using Local data cache path C:/Users/muscl/AppData/Local/UnrealEngine/Common/DerivedDataCache: Writable
[2022.01.02-17.41.48:932][  0]LogDerivedDataCache: Shared data cache path not found in *engine.ini, will not use an Shared cache.
[2022.01.02-17.41.48:932][  0]LogDerivedDataCache: Unable to find inner node Shared for hierarchical cache Hierarchy.
[2022.01.02-17.41.48:988][  0]LogSlate: Using FreeType 2.10.0
[2022.01.02-17.41.48:989][  0]LogSlate: SlateFontServices - WITH_FREETYPE: 1, WITH_HARFBUZZ: 1
[2022.01.02-17.41.49:188][  0]LogInit: Using OS detected language (en-GB).
[2022.01.02-17.41.49:188][  0]LogInit: Using OS detected locale (en-GB).
[2022.01.02-17.41.49:188][  0]LogTextLocalizationManager: No localization for 'en-GB' exists, so 'en' will be used for the language.
[2022.01.02-17.41.49:188][  0]LogTextLocalizationManager: No localization for 'en-GB' exists, so 'en' will be used for the locale.
[2022.01.02-17.41.49:188][  0]LogSlate: FontCache flush requested. Reason: Culture for localization was changed
[2022.01.02-17.41.49:188][  0]LogSlate: FontCache flush requested. Reason: Culture for localization was changed
[2022.01.02-17.41.49:190][  0]LogTextLocalizationManager: Compacting localization data took   0.00ms
[2022.01.02-17.41.49:198][  0]LogAssetRegistry: FAssetRegistry took 0.0058 seconds to start up
[2022.01.02-17.41.49:464][  0]LogPackageLocalizationCache: Processed 22 localized package path(s) for 1 prioritized culture(s) in 0.002654 seconds
[2022.01.02-17.41.49:517][  0]LogInit: Selected Device Profile: [Windows]
[2022.01.02-17.41.49:670][  0]LogMeshReduction: Using QuadricMeshReduction for automatic static mesh reduction
[2022.01.02-17.41.49:670][  0]LogMeshReduction: Using SimplygonMeshReduction for automatic skeletal mesh reduction
[2022.01.02-17.41.49:670][  0]LogMeshReduction: Using ProxyLODMeshReduction for automatic mesh merging
[2022.01.02-17.41.49:670][  0]LogMeshReduction: No distributed automatic mesh merging module available
[2022.01.02-17.41.49:670][  0]LogMeshMerging: No distributed automatic mesh merging module available
[2022.01.02-17.41.49:691][  0]LogNetVersion: Top_Down_2D_Game 1.0.0, NetCL: 13144385, EngineNetVer: 14, GameNetVer: 0 (Checksum: 2660664877)
[2022.01.02-17.41.50:035][  0]LogAISub: UAISubsystem::UAISubsystem AISubsystem (00000250BE7D7740), frame # 0
[2022.01.02-17.41.50:035][  0]LogAISub: UAISubsystem::UAISubsystem AIPerceptionSystem (00000250BE7DD6C0), frame # 0
[2022.01.02-17.41.50:038][  0]LogAISub: UAISubsystem::UAISubsystem EnvQueryManager (00000250BE7DBC00), frame # 0
[2022.01.02-17.41.50:155][  0]LogCollectionManager: Loaded 0 collections in 0.002270 seconds
[2022.01.02-17.41.50:156][  0]LogFileCache: Scanning file cache for directory 'D:/MyGameProjects/2122-yr1-team-omegalulv2/Top_Down_2D_Game/Saved/Collections/' took 0.00s
[2022.01.02-17.41.50:156][  0]LogFileCache: Scanning file cache for directory 'D:/MyGameProjects/2122-yr1-team-omegalulv2/Top_Down_2D_Game/Content/Developers/muscl/Collections/' took 0.00s
[2022.01.02-17.41.50:156][  0]LogFileCache: Scanning file cache for directory 'D:/MyGameProjects/2122-yr1-team-omegalulv2/Top_Down_2D_Game/Content/Collections/' took 0.00s
[2022.01.02-17.41.50:156][  0]LogCollectionManager: Fixed up redirectors for 0 collections in 0.000004 seconds (updated 0 objects)
[2022.01.02-17.41.50:226][  0]LogMoviePlayer: Initializing movie player
[2022.01.02-17.41.50:434][  0]LogTcpMessaging: Initializing TcpMessaging bridge
[2022.01.02-17.41.50:439][  0]LogUdpMessaging: Initializing bridge on interface 0.0.0.0:0 to multicast group 230.0.0.1:6666.
[2022.01.02-17.41.50:489][  0]SourceControl: Source control is disabled
[2022.01.02-17.41.50:489][  0]SourceControl: Source control is disabled
[2022.01.02-17.41.50:498][  0]SourceControl: Source control is disabled
[2022.01.02-17.41.50:651][  0]LogAndroidPermission: UAndroidPermissionCallbackProxy::GetInstance
[2022.01.02-17.41.50:671][  0]LogAudioCaptureCore: Display: No Audio Capture implementations found. Audio input will be silent.
[2022.01.02-17.41.50:671][  0]LogAudioCaptureCore: Display: No Audio Capture implementations found. Audio input will be silent.
[2022.01.02-17.41.50:726][  0]LogOcInput: OculusInput pre-init called
[2022.01.02-17.41.50:742][  0]LogUObjectArray: 19064 objects as part of root set at end of initial load.
[2022.01.02-17.41.50:742][  0]LogUObjectAllocator: 5015424 out of 0 bytes used by permanent object pool.
[2022.01.02-17.41.50:742][  0]LogUObjectArray: CloseDisregardForGC: 0/0 objects in disregard for GC pool
[2022.01.02-17.41.50:794][  0]LogEngine: Initializing Engine...
[2022.01.02-17.41.50:796][  0]LogHMD: Failed to initialize OpenVR with code 110
[2022.01.02-17.41.50:796][  0]LogMagicLeap: Warning: VR disabled because ZI is not enabled.  To enable, in the editor, Edit -> Project Settings -> Plugins -> Magic Leap Plugin -> Enable Zero Iteration
[2022.01.02-17.41.50:798][  0]LogStats: UGameplayTagsManager::InitializeManager -  0.000 s
[2022.01.02-17.41.50:918][  0]LogInit: Initializing FReadOnlyCVARCache
[2022.01.02-17.41.50:923][  0]LogAudioMixer: Display: Audio Mixer Platform Settings:
[2022.01.02-17.41.50:923][  0]LogAudioMixer: Display: 	Sample Rate:						  48000
[2022.01.02-17.41.50:923][  0]LogAudioMixer: Display: 	Callback Buffer Frame Size Requested: 1024
[2022.01.02-17.41.50:923][  0]LogAudioMixer: Display: 	Callback Buffer Frame Size To Use:	  1024
[2022.01.02-17.41.50:923][  0]LogAudioMixer: Display: 	Number of buffers to queue:			  2
[2022.01.02-17.41.50:923][  0]LogAudioMixer: Display: 	Max Channels (voices):				  32
[2022.01.02-17.41.50:923][  0]LogAudioMixer: Display: 	Number of Async Source Workers:		  0
[2022.01.02-17.41.50:923][  0]LogAudio: Display: AudioDevice MaxSources: 32
[2022.01.02-17.41.50:924][  0]LogAudio: Display: Using built-in audio occlusion.
[2022.01.02-17.41.50:924][  0]LogAudioMixer: Display: Initializing audio mixer.
[2022.01.02-17.41.50:945][  0]LogAudioMixer: Display: 0: FrontLeft
[2022.01.02-17.41.50:945][  0]LogAudioMixer: Display: 1: FrontRight
[2022.01.02-17.41.50:988][  0]LogAudioMixer: Display: Using Audio Device Speakers (Realtek(R) Audio)
[2022.01.02-17.41.50:992][  0]LogAudioMixer: Display: Initializing Sound Submixes...
[2022.01.02-17.41.50:994][  0]LogAudioMixer: Display: Creating Master Submix 'MasterSubmixDefault'
[2022.01.02-17.41.50:994][  0]LogAudioMixer: Display: Creating Master Submix 'MasterReverbSubmixDefault'
[2022.01.02-17.41.50:996][  0]LogAudioMixer: Display: Creating Master Submix 'MasterEQSubmixDefault'
[2022.01.02-17.41.50:998][  0]LogInit: FAudioDevice initialized.
[2022.01.02-17.41.51:002][  0]LogNetVersion: Set ProjectVersion to 1.0.0.0. Version Checksum will be recalculated on next use.
[2022.01.02-17.41.51:003][  0]LogInit: Texture streaming: Enabled
[2022.01.02-17.41.51:087][  0]LogSlate: Updating window title bar state: overlay mode, drag disabled, window buttons hidden, title bar hidden
[2022.01.02-17.41.51:087][  0]LogInit: Display: Game Engine Initialized.
[2022.01.02-17.41.51:087][  0]LogNiagaraEditor: Warning: GEditor isn't valid! Particle reset commands will not work for Niagara components!
[2022.01.02-17.41.51:119][  0]LogInit: Display: Starting Game.
[2022.01.02-17.41.51:120][  0]LogNet: Browse: /Game/MapFiles/Maps/TheMap?Name=Player
[2022.01.02-17.41.51:121][  0]LogLoad: LoadMap: /Game/MapFiles/Maps/TheMap?Name=Player
[2022.01.02-17.41.51:121][  0]LogWorld: BeginTearingDown for /Temp/Untitled_0
[2022.01.02-17.41.51:122][  0]LogWorld: UWorld::CleanupWorld for Untitled, bSessionEnded=true, bCleanupResources=true
[2022.01.02-17.41.51:122][  0]LogSlate: InvalidateAllWidgets triggered.  All widgets were invalidated
[2022.01.02-17.41.51:136][  0]LogUObjectHash: Compacting FUObjectHashTables data took   0.65ms
[2022.01.02-17.41.51:365][  0]LogAIModule: Creating AISystem for world TheMap
[2022.01.02-17.41.51:365][  0]LogAISub: UAISubsystem::UAISubsystem EnvQueryManager (00000250B36F6800), frame # 0
[2022.01.02-17.41.51:365][  0]LogAISub: UAISubsystem::UAISubsystem AIPerceptionSystem (00000250C26AE840), frame # 0
[2022.01.02-17.41.51:365][  0]LogLoad: Game class is 'TopDownGameMode_C'
[2022.01.02-17.41.51:384][  0]LogMaterial: Had to pass SMU back to game thread. Please ensure correct material usage flags.
[2022.01.02-17.41.51:384][  0]LogWorld: Bringing World /Game/MapFiles/Maps/TheMap.TheMap up for play (max tick rate 0) at 2022.01.02-17.41.51
[2022.01.02-17.41.51:385][  0]LogWorld: Bringing up level for play took: 0.018453
[2022.01.02-17.41.51:391][  0]LogLoad: Took 0.270501 seconds to LoadMap(/Game/MapFiles/Maps/TheMap)
[2022.01.02-17.41.51:427][  0]LogMaterial: Warning: Material /Game/StarterContent/Materials/M_Rock_Sandstone.M_Rock_Sandstone missing bUsedWithInstancedStaticMeshes=True! Default Material will be used in game.
[2022.01.02-17.41.51:428][  0]LogMaterial: Warning:      The material will recompile every editor launch until resaved.
[2022.01.02-17.41.51:446][  0]LogRenderer: Reallocating scene render targets to support 1280x720 Format 10 NumSamples 1 (Frame:1).
[2022.01.02-17.41.51:446][  0]LogLoad: (Engine Initialization) Total time: 7.15 seconds
[2022.01.02-17.41.51:446][  0]LogLoad: (Engine Initialization) Total Blueprint compile time: 0.00 seconds
[2022.01.02-17.41.51:484][  0]LogContentStreaming: Texture pool size now 1000 MB
[2022.01.02-17.41.51:488][  0]LogSlate: InvalidateAllWidgets triggered.  All widgets were invalidated
